c:\users\superhong\documents\github\graduation_project\graduation_project\zombie\01. project\client\x64\debug\client.pch
c:\users\superhong\documents\github\graduation_project\graduation_project\zombie\01. project\client\x64\debug\vc142.pdb
c:\users\superhong\documents\github\graduation_project\graduation_project\zombie\01. project\client\x64\debug\vc142.idb
c:\users\superhong\documents\github\graduation_project\graduation_project\zombie\01. project\client\x64\debug\stdafx.obj
c:\users\superhong\documents\github\graduation_project\graduation_project\zombie\01. project\client\x64\debug\main.obj
c:\users\superhong\documents\github\graduation_project\graduation_project\client\zombie\01. project\client\x64\debug\client.pch
c:\users\superhong\documents\github\graduation_project\graduation_project\client\zombie\01. project\client\x64\debug\vc142.pdb
c:\users\superhong\documents\github\graduation_project\graduation_project\client\zombie\01. project\client\x64\debug\vc142.idb
c:\users\superhong\documents\github\graduation_project\graduation_project\client\zombie\01. project\client\x64\debug\stdafx.obj
c:\users\superhong\documents\github\graduation_project\graduation_project\client\zombie\01. project\client\x64\debug\main.obj
c:\users\superhong\documents\github\graduation_project\graduation_project\zombie\02. file\bin_debug\client.ilk
c:\users\superhong\documents\github\graduation_project\graduation_project\zombie\02. file\bin_debug\client.exe
c:\users\superhong\documents\github\graduation_project\graduation_project\zombie\02. file\bin_debug\client.pdb
c:\users\superhong\documents\github\graduation_project\graduation_project\zombie\01. project\client\x64\debug\client.res
c:\users\superhong\documents\github\graduation_project\graduation_project\client\zombie\01. project\client\x64\debug\client.res
c:\users\superhong\documents\github\graduation_project\graduation_project\client\zombie\02. file\bin_debug\client.pdb
c:\users\superhong\documents\github\graduation_project\graduation_project\client\zombie\01. project\client\x64\debug\client.tlog\cl.command.1.tlog
c:\users\superhong\documents\github\graduation_project\graduation_project\client\zombie\01. project\client\x64\debug\client.tlog\cl.read.1.tlog
c:\users\superhong\documents\github\graduation_project\graduation_project\client\zombie\01. project\client\x64\debug\client.tlog\cl.write.1.tlog
c:\users\superhong\documents\github\graduation_project\graduation_project\client\zombie\01. project\client\x64\debug\client.tlog\link-cvtres.read.1.tlog
c:\users\superhong\documents\github\graduation_project\graduation_project\client\zombie\01. project\client\x64\debug\client.tlog\link-cvtres.write.1.tlog
c:\users\superhong\documents\github\graduation_project\graduation_project\client\zombie\01. project\client\x64\debug\client.tlog\link-rc.read.1.tlog
c:\users\superhong\documents\github\graduation_project\graduation_project\client\zombie\01. project\client\x64\debug\client.tlog\link-rc.write.1.tlog
c:\users\superhong\documents\github\graduation_project\graduation_project\client\zombie\01. project\client\x64\debug\client.tlog\link.command.1.tlog
c:\users\superhong\documents\github\graduation_project\graduation_project\client\zombie\01. project\client\x64\debug\client.tlog\link.read.1.tlog
c:\users\superhong\documents\github\graduation_project\graduation_project\client\zombie\01. project\client\x64\debug\client.tlog\link.write.1.tlog
c:\users\superhong\documents\github\graduation_project\graduation_project\client\zombie\01. project\client\x64\debug\client.tlog\rc.command.1.tlog
c:\users\superhong\documents\github\graduation_project\graduation_project\client\zombie\01. project\client\x64\debug\client.tlog\rc.read.1.tlog
c:\users\superhong\documents\github\graduation_project\graduation_project\client\zombie\01. project\client\x64\debug\client.tlog\rc.write.1.tlog
