c:\users\superhong\documents\github\graduation_project\graduation_project\zombie\01. project\engine\x64\debug\engine_debug.pch
c:\users\superhong\documents\github\graduation_project\graduation_project\zombie\01. project\engine\x64\debug\engine.pdb
c:\users\superhong\documents\github\graduation_project\graduation_project\zombie\01. project\engine\x64\debug\engine.idb
c:\users\superhong\documents\github\graduation_project\graduation_project\zombie\01. project\engine\x64\debug\stdafx.obj
c:\users\superhong\documents\github\graduation_project\graduation_project\zombie\01. project\engine\x64\debug\gridscript.obj
c:\users\superhong\documents\github\graduation_project\graduation_project\zombie\01. project\engine\x64\debug\gameobject.obj
c:\users\superhong\documents\github\graduation_project\graduation_project\zombie\01. project\engine\x64\debug\func.obj
c:\users\superhong\documents\github\graduation_project\graduation_project\zombie\01. project\engine\x64\debug\frustum.obj
c:\users\superhong\documents\github\graduation_project\graduation_project\zombie\01. project\engine\x64\debug\fbxloader.obj
c:\users\superhong\documents\github\graduation_project\graduation_project\zombie\01. project\engine\x64\debug\eventmgr.obj
c:\users\superhong\documents\github\graduation_project\graduation_project\zombie\01. project\engine\x64\debug\entity.obj
c:\users\superhong\documents\github\graduation_project\graduation_project\zombie\01. project\engine\x64\debug\device.obj
c:\users\superhong\documents\github\graduation_project\graduation_project\zombie\01. project\engine\x64\debug\desc.obj
c:\users\superhong\documents\github\graduation_project\graduation_project\zombie\01. project\engine\x64\debug\core.obj
c:\users\superhong\documents\github\graduation_project\graduation_project\zombie\01. project\engine\x64\debug\constantbuffer.obj
c:\users\superhong\documents\github\graduation_project\graduation_project\zombie\01. project\engine\x64\debug\component.obj
c:\users\superhong\documents\github\graduation_project\graduation_project\zombie\01. project\engine\x64\debug\collisionmgr.obj
c:\users\superhong\documents\github\graduation_project\graduation_project\zombie\01. project\engine\x64\debug\collider2d.obj
c:\users\superhong\documents\github\graduation_project\graduation_project\zombie\01. project\engine\x64\debug\camera.obj
c:\users\superhong\documents\github\graduation_project\graduation_project\zombie\01. project\engine\x64\debug\bulletscript.obj
c:\users\superhong\documents\github\graduation_project\graduation_project\zombie\01. project\engine\x64\debug\behaviourtree.obj
c:\users\superhong\documents\github\graduation_project\graduation_project\zombie\01. project\engine\x64\debug\animator3d.obj
c:\users\superhong\documents\github\graduation_project\graduation_project\zombie\01. project\engine\x64\debug\animator2d.obj
c:\users\superhong\documents\github\graduation_project\graduation_project\zombie\01. project\engine\x64\debug\animation2d.obj
c:\users\superhong\documents\github\graduation_project\graduation_project\zombie\01. project\engine\x64\debug\resource.obj
c:\users\superhong\documents\github\graduation_project\graduation_project\zombie\01. project\engine\x64\debug\resmgrinit.obj
c:\users\superhong\documents\github\graduation_project\graduation_project\zombie\01. project\engine\x64\debug\resmgr.obj
c:\users\superhong\documents\github\graduation_project\graduation_project\zombie\01. project\engine\x64\debug\rendermgrinit.obj
c:\users\superhong\documents\github\graduation_project\graduation_project\zombie\01. project\engine\x64\debug\rendermgr.obj
c:\users\superhong\documents\github\graduation_project\graduation_project\zombie\01. project\engine\x64\debug\playerscript.obj
c:\users\superhong\documents\github\graduation_project\graduation_project\zombie\01. project\engine\x64\debug\pathmgr.obj
c:\users\superhong\documents\github\graduation_project\graduation_project\zombie\01. project\engine\x64\debug\particlesystem.obj
c:\users\superhong\documents\github\graduation_project\graduation_project\zombie\01. project\engine\x64\debug\mrt.obj
c:\users\superhong\documents\github\graduation_project\graduation_project\zombie\01. project\engine\x64\debug\monsterscript.obj
c:\users\superhong\documents\github\graduation_project\graduation_project\zombie\01. project\engine\x64\debug\meshrender.obj
c:\users\superhong\documents\github\graduation_project\graduation_project\zombie\01. project\engine\x64\debug\meshdata.obj
c:\users\superhong\documents\github\graduation_project\graduation_project\zombie\01. project\engine\x64\debug\mesh.obj
c:\users\superhong\documents\github\graduation_project\graduation_project\zombie\01. project\engine\x64\debug\material.obj
c:\users\superhong\documents\github\graduation_project\graduation_project\zombie\01. project\engine\x64\debug\light3d.obj
c:\users\superhong\documents\github\graduation_project\graduation_project\zombie\01. project\engine\x64\debug\light2d.obj
c:\users\superhong\documents\github\graduation_project\graduation_project\zombie\01. project\engine\x64\debug\layer.obj
c:\users\superhong\documents\github\graduation_project\graduation_project\zombie\01. project\engine\x64\debug\keymgr.obj
c:\users\superhong\documents\github\graduation_project\graduation_project\zombie\01. project\engine\x64\debug\instancingmgr.obj
c:\users\superhong\documents\github\graduation_project\graduation_project\zombie\01. project\engine\x64\debug\instancingbuffer.obj
c:\users\superhong\documents\github\graduation_project\graduation_project\zombie\01. project\engine\x64\debug\transform.obj
c:\users\superhong\documents\github\graduation_project\graduation_project\zombie\01. project\engine\x64\debug\toolcamscript.obj
c:\users\superhong\documents\github\graduation_project\graduation_project\zombie\01. project\engine\x64\debug\timemgr.obj
c:\users\superhong\documents\github\graduation_project\graduation_project\zombie\01. project\engine\x64\debug\texture.obj
c:\users\superhong\documents\github\graduation_project\graduation_project\zombie\01. project\engine\x64\debug\testscript.obj
c:\users\superhong\documents\github\graduation_project\graduation_project\zombie\01. project\engine\x64\debug\structuredbuffer.obj
c:\users\superhong\documents\github\graduation_project\graduation_project\zombie\01. project\engine\x64\debug\sound.obj
c:\users\superhong\documents\github\graduation_project\graduation_project\zombie\01. project\engine\x64\debug\simplemath.obj
c:\users\superhong\documents\github\graduation_project\graduation_project\zombie\01. project\engine\x64\debug\shader.obj
c:\users\superhong\documents\github\graduation_project\graduation_project\zombie\01. project\engine\x64\debug\script.obj
c:\users\superhong\documents\github\graduation_project\graduation_project\zombie\01. project\engine\x64\debug\scene.obj
c:\users\superhong\documents\github\graduation_project\graduation_project\zombie\01. project\engine\x64\debug\scenemgr.obj
c:\users\superhong\documents\github\graduation_project\graduation_project\client\zombie\01. project\engine\x64\debug\engine.pdb
c:\users\superhong\documents\github\graduation_project\graduation_project\client\zombie\01. project\engine\x64\debug\engine.idb
c:\users\superhong\documents\github\graduation_project\graduation_project\client\zombie\01. project\engine\x64\debug\instancingmgr.obj
c:\users\superhong\documents\github\graduation_project\graduation_project\client\zombie\01. project\engine\x64\debug\instancingbuffer.obj
c:\users\superhong\documents\github\graduation_project\graduation_project\client\zombie\01. project\engine\x64\debug\gridscript.obj
c:\users\superhong\documents\github\graduation_project\graduation_project\client\zombie\01. project\engine\x64\debug\gameobject.obj
c:\users\superhong\documents\github\graduation_project\graduation_project\client\zombie\01. project\engine\x64\debug\frustum.obj
c:\users\superhong\documents\github\graduation_project\graduation_project\client\zombie\01. project\engine\x64\debug\fbxloader.obj
c:\users\superhong\documents\github\graduation_project\graduation_project\client\zombie\01. project\engine\x64\debug\eventmgr.obj
c:\users\superhong\documents\github\graduation_project\graduation_project\client\zombie\01. project\engine\x64\debug\entity.obj
c:\users\superhong\documents\github\graduation_project\graduation_project\client\zombie\01. project\engine\x64\debug\device.obj
c:\users\superhong\documents\github\graduation_project\graduation_project\client\zombie\01. project\engine\x64\debug\core.obj
c:\users\superhong\documents\github\graduation_project\graduation_project\client\zombie\01. project\engine\x64\debug\constantbuffer.obj
c:\users\superhong\documents\github\graduation_project\graduation_project\client\zombie\01. project\engine\x64\debug\component.obj
c:\users\superhong\documents\github\graduation_project\graduation_project\client\zombie\01. project\engine\x64\debug\collisionmgr.obj
c:\users\superhong\documents\github\graduation_project\graduation_project\client\zombie\01. project\engine\x64\debug\collider2d.obj
c:\users\superhong\documents\github\graduation_project\graduation_project\client\zombie\01. project\engine\x64\debug\camera.obj
c:\users\superhong\documents\github\graduation_project\graduation_project\client\zombie\01. project\engine\x64\debug\bulletscript.obj
c:\users\superhong\documents\github\graduation_project\graduation_project\client\zombie\01. project\engine\x64\debug\behaviourtree.obj
c:\users\superhong\documents\github\graduation_project\graduation_project\client\zombie\01. project\engine\x64\debug\animator3d.obj
c:\users\superhong\documents\github\graduation_project\graduation_project\client\zombie\01. project\engine\x64\debug\animator2d.obj
c:\users\superhong\documents\github\graduation_project\graduation_project\client\zombie\01. project\engine\x64\debug\animation2d.obj
c:\users\superhong\documents\github\graduation_project\graduation_project\client\zombie\01. project\engine\x64\debug\scenemgr.obj
c:\users\superhong\documents\github\graduation_project\graduation_project\client\zombie\01. project\engine\x64\debug\scene.obj
c:\users\superhong\documents\github\graduation_project\graduation_project\client\zombie\01. project\engine\x64\debug\resource.obj
c:\users\superhong\documents\github\graduation_project\graduation_project\client\zombie\01. project\engine\x64\debug\resmgrinit.obj
c:\users\superhong\documents\github\graduation_project\graduation_project\client\zombie\01. project\engine\x64\debug\resmgr.obj
c:\users\superhong\documents\github\graduation_project\graduation_project\client\zombie\01. project\engine\x64\debug\rendermgrinit.obj
c:\users\superhong\documents\github\graduation_project\graduation_project\client\zombie\01. project\engine\x64\debug\rendermgr.obj
c:\users\superhong\documents\github\graduation_project\graduation_project\client\zombie\01. project\engine\x64\debug\playerscript.obj
c:\users\superhong\documents\github\graduation_project\graduation_project\client\zombie\01. project\engine\x64\debug\pathmgr.obj
c:\users\superhong\documents\github\graduation_project\graduation_project\client\zombie\01. project\engine\x64\debug\particlesystem.obj
c:\users\superhong\documents\github\graduation_project\graduation_project\client\zombie\01. project\engine\x64\debug\monsterscript.obj
c:\users\superhong\documents\github\graduation_project\graduation_project\client\zombie\01. project\engine\x64\debug\meshrender.obj
c:\users\superhong\documents\github\graduation_project\graduation_project\client\zombie\01. project\engine\x64\debug\meshdata.obj
c:\users\superhong\documents\github\graduation_project\graduation_project\client\zombie\01. project\engine\x64\debug\mesh.obj
c:\users\superhong\documents\github\graduation_project\graduation_project\client\zombie\01. project\engine\x64\debug\material.obj
c:\users\superhong\documents\github\graduation_project\graduation_project\client\zombie\01. project\engine\x64\debug\mrt.obj
c:\users\superhong\documents\github\graduation_project\graduation_project\client\zombie\01. project\engine\x64\debug\light3d.obj
c:\users\superhong\documents\github\graduation_project\graduation_project\client\zombie\01. project\engine\x64\debug\light2d.obj
c:\users\superhong\documents\github\graduation_project\graduation_project\client\zombie\01. project\engine\x64\debug\layer.obj
c:\users\superhong\documents\github\graduation_project\graduation_project\client\zombie\01. project\engine\x64\debug\keymgr.obj
c:\users\superhong\documents\github\graduation_project\graduation_project\client\zombie\01. project\engine\x64\debug\func.obj
c:\users\superhong\documents\github\graduation_project\graduation_project\client\zombie\01. project\engine\x64\debug\desc.obj
c:\users\superhong\documents\github\graduation_project\graduation_project\client\zombie\01. project\engine\x64\debug\transform.obj
c:\users\superhong\documents\github\graduation_project\graduation_project\client\zombie\01. project\engine\x64\debug\toolcamscript.obj
c:\users\superhong\documents\github\graduation_project\graduation_project\client\zombie\01. project\engine\x64\debug\timemgr.obj
c:\users\superhong\documents\github\graduation_project\graduation_project\client\zombie\01. project\engine\x64\debug\texture.obj
c:\users\superhong\documents\github\graduation_project\graduation_project\client\zombie\01. project\engine\x64\debug\testscript.obj
c:\users\superhong\documents\github\graduation_project\graduation_project\client\zombie\01. project\engine\x64\debug\structuredbuffer.obj
c:\users\superhong\documents\github\graduation_project\graduation_project\client\zombie\01. project\engine\x64\debug\sound.obj
c:\users\superhong\documents\github\graduation_project\graduation_project\client\zombie\01. project\engine\x64\debug\simplemath.obj
c:\users\superhong\documents\github\graduation_project\graduation_project\client\zombie\01. project\engine\x64\debug\shader.obj
c:\users\superhong\documents\github\graduation_project\graduation_project\client\zombie\01. project\engine\x64\debug\script.obj
c:\users\superhong\documents\github\graduation_project\graduation_project\client\zombie\01. project\engine\x64\debug\engine_debug.pch
c:\users\superhong\documents\github\graduation_project\graduation_project\client\zombie\01. project\engine\x64\debug\stdafx.obj
c:\users\superhong\documents\github\graduation_project\graduation_project\client\zombie\01. project\engine\x64\debug\networkmgr.obj
c:\users\superhong\documents\github\graduation_project\graduation_project\zombie\03. external\library\engine\posteffect.cso
c:\users\superhong\documents\github\graduation_project\graduation_project\client\zombie\03. external\library\engine\posteffect.cso
c:\users\superhong\documents\github\graduation_project\graduation_project\zombie\03. external\library\engine\engine_debug.lib
c:\users\superhong\documents\github\graduation_project\graduation_project\client\zombie\03. external\library\engine\engine_debug.lib
c:\users\superhong\documents\github\graduation_project\graduation_project\zombie\01. project\engine\x64\debug\engine.res
c:\users\superhong\documents\github\graduation_project\graduation_project\client\zombie\01. project\engine\x64\debug\engine.res
c:\users\superhong\documents\github\graduation_project\graduation_project\client\zombie\01. project\engine\x64\debug\engine.tlog\cl.command.1.tlog
c:\users\superhong\documents\github\graduation_project\graduation_project\client\zombie\01. project\engine\x64\debug\engine.tlog\cl.read.1.tlog
c:\users\superhong\documents\github\graduation_project\graduation_project\client\zombie\01. project\engine\x64\debug\engine.tlog\cl.write.1.tlog
c:\users\superhong\documents\github\graduation_project\graduation_project\client\zombie\01. project\engine\x64\debug\engine.tlog\fxc.command.1.tlog
c:\users\superhong\documents\github\graduation_project\graduation_project\client\zombie\01. project\engine\x64\debug\engine.tlog\fxc.read.1.tlog
c:\users\superhong\documents\github\graduation_project\graduation_project\client\zombie\01. project\engine\x64\debug\engine.tlog\fxc.write.1.tlog
c:\users\superhong\documents\github\graduation_project\graduation_project\client\zombie\01. project\engine\x64\debug\engine.tlog\lib-link-cvtres.read.1.tlog
c:\users\superhong\documents\github\graduation_project\graduation_project\client\zombie\01. project\engine\x64\debug\engine.tlog\lib-link-cvtres.write.1.tlog
c:\users\superhong\documents\github\graduation_project\graduation_project\client\zombie\01. project\engine\x64\debug\engine.tlog\lib.command.1.tlog
c:\users\superhong\documents\github\graduation_project\graduation_project\client\zombie\01. project\engine\x64\debug\engine.tlog\rc.command.1.tlog
c:\users\superhong\documents\github\graduation_project\graduation_project\client\zombie\01. project\engine\x64\debug\engine.tlog\rc.read.1.tlog
c:\users\superhong\documents\github\graduation_project\graduation_project\client\zombie\01. project\engine\x64\debug\engine.tlog\rc.write.1.tlog
