c:\users\jeehun\desktop\jeehun\work\dx12 엔진\1\01. project\engine\x64\debug\engine.pdb
c:\users\jeehun\desktop\jeehun\work\dx12 엔진\1\01. project\engine\x64\debug\engine.idb
c:\users\jeehun\desktop\jeehun\work\dx12 엔진\1\01. project\engine\x64\debug\core.obj
c:\users\jeehun\desktop\jeehun\work\dx12 엔진\1\01. project\engine\x64\debug\mesh.obj
c:\users\jeehun\desktop\jeehun\work\dx12 엔진\1\01. project\engine\x64\debug\func.obj
c:\users\jeehun\desktop\jeehun\work\dx12 엔진\1\01. project\engine\x64\debug\timemgr.obj
c:\users\jeehun\desktop\jeehun\work\dx12 엔진\1\01. project\engine\x64\debug\keymgr.obj
c:\users\jeehun\desktop\jeehun\work\dx12 엔진\1\01. project\engine\x64\debug\device.obj
c:\users\jeehun\desktop\jeehun\work\dx12 엔진\1\01. project\engine\x64\debug\shader.obj
c:\users\jeehun\desktop\jeehun\work\dx12 엔진\1\01. project\engine\x64\debug\resource.obj
c:\users\jeehun\desktop\jeehun\work\dx12 엔진\1\01. project\engine\x64\debug\pathmgr.obj
c:\users\jeehun\desktop\jeehun\work\dx12 엔진\1\01. project\engine\x64\debug\entity.obj
c:\users\jeehun\desktop\jeehun\work\dx12 엔진\1\01. project\engine\x64\debug\desc.obj
c:\users\jeehun\desktop\jeehun\work\dx12 엔진\1\01. project\engine\x64\debug\constantbuffer.obj
c:\users\jeehun\desktop\jeehun\work\dx12 엔진\1\01. project\engine\x64\debug\engine_debug.pch
c:\users\jeehun\desktop\jeehun\work\dx12 엔진\1\01. project\engine\x64\debug\stdafx.obj
c:\users\jeehun\desktop\jeehun\work\dx12 엔진\2\01. project\engine\x64\debug\engine.pdb
c:\users\jeehun\desktop\jeehun\work\dx12 엔진\2\01. project\engine\x64\debug\engine.idb
c:\users\jeehun\desktop\jeehun\work\dx12 엔진\2\01. project\engine\x64\debug\core.obj
c:\users\jeehun\desktop\jeehun\work\dx12 엔진\2\01. project\engine\x64\debug\engine_debug.pch
c:\users\jeehun\desktop\jeehun\work\dx12 엔진\2\01. project\engine\x64\debug\stdafx.obj
c:\users\jeehun\desktop\jeehun\work\dx12 엔진\2\01. project\engine\x64\debug\func.obj
c:\users\jeehun\desktop\jeehun\work\dx12 엔진\2\01. project\engine\x64\debug\desc.obj
c:\users\jeehun\desktop\jeehun\work\dx12 엔진\2\01. project\engine\x64\debug\timemgr.obj
c:\users\jeehun\desktop\jeehun\work\dx12 엔진\2\01. project\engine\x64\debug\shader.obj
c:\users\jeehun\desktop\jeehun\work\dx12 엔진\2\01. project\engine\x64\debug\resource.obj
c:\users\jeehun\desktop\jeehun\work\dx12 엔진\2\01. project\engine\x64\debug\pathmgr.obj
c:\users\jeehun\desktop\jeehun\work\dx12 엔진\2\01. project\engine\x64\debug\mesh.obj
c:\users\jeehun\desktop\jeehun\work\dx12 엔진\2\01. project\engine\x64\debug\keymgr.obj
c:\users\jeehun\desktop\jeehun\work\dx12 엔진\2\01. project\engine\x64\debug\entity.obj
c:\users\jeehun\desktop\jeehun\work\dx12 엔진\2\01. project\engine\x64\debug\device.obj
c:\users\jeehun\desktop\jeehun\work\dx12 엔진\2\01. project\engine\x64\debug\constantbuffer.obj
c:\users\jeehun\desktop\jeehun\work\dx12 엔진\dx12 주차별\dx12_3주차_2(texture)\01. project\engine\x64\debug\engine.pdb
c:\users\jeehun\desktop\jeehun\work\dx12 엔진\dx12 주차별\dx12_3주차_2(texture)\01. project\engine\x64\debug\engine.idb
c:\users\jeehun\desktop\jeehun\work\dx12 엔진\dx12 주차별\dx12_3주차_2(texture)\01. project\engine\x64\debug\mesh.obj
c:\users\jeehun\desktop\jeehun\work\dx12 엔진\dx12 주차별\dx12_3주차_2(texture)\01. project\engine\x64\debug\func.obj
c:\users\jeehun\desktop\jeehun\work\dx12 엔진\dx12 주차별\dx12_3주차_2(texture)\01. project\engine\x64\debug\shader.obj
c:\users\jeehun\desktop\jeehun\work\dx12 엔진\dx12 주차별\dx12_3주차_2(texture)\01. project\engine\x64\debug\device.obj
c:\users\jeehun\desktop\jeehun\work\dx12 엔진\dx12 주차별\dx12_3주차_2(texture)\01. project\engine\x64\debug\core.obj
c:\users\jeehun\desktop\jeehun\work\dx12 엔진\dx12 주차별\dx12_3주차_2(texture)\01. project\engine\x64\debug\constantbuffer.obj
c:\users\jeehun\desktop\jeehun\work\dx12 엔진\dx12 주차별\dx12_3주차_2(texture)\01. project\engine\x64\debug\texture.obj
c:\users\jeehun\desktop\jeehun\work\dx12 엔진\dx12 주차별\dx12_3주차_2(texture)\01. project\engine\x64\debug\engine_debug.pch
c:\users\jeehun\desktop\jeehun\work\dx12 엔진\dx12 주차별\dx12_3주차_2(texture)\01. project\engine\x64\debug\stdafx.obj
c:\users\jeehun\desktop\jeehun\work\dx12 엔진\dx12 주차별\dx12_3주차_2(texture)\01. project\engine\x64\debug\timemgr.obj
c:\users\jeehun\desktop\jeehun\work\dx12 엔진\dx12 주차별\dx12_3주차_2(texture)\01. project\engine\x64\debug\resource.obj
c:\users\jeehun\desktop\jeehun\work\dx12 엔진\dx12 주차별\dx12_3주차_2(texture)\01. project\engine\x64\debug\pathmgr.obj
c:\users\jeehun\desktop\jeehun\work\dx12 엔진\dx12 주차별\dx12_3주차_2(texture)\01. project\engine\x64\debug\keymgr.obj
c:\users\jeehun\desktop\jeehun\work\dx12 엔진\dx12 주차별\dx12_3주차_2(texture)\01. project\engine\x64\debug\entity.obj
c:\users\jeehun\desktop\jeehun\work\dx12 엔진\dx12 주차별\dx12_3주차_2(texture)\01. project\engine\x64\debug\desc.obj
c:\users\jeehun\desktop\jeehun\work\dx12 엔진\1\03. external\library\engine\engine_debug.lib
c:\users\jeehun\desktop\jeehun\work\dx12 엔진\2\03. external\library\engine\engine_debug.lib
c:\users\jeehun\desktop\jeehun\work\dx12 엔진\dx12 주차별\dx12_3주차_2(texture)\03. external\library\engine\engine_debug.lib
c:\users\jeehun\desktop\jeehun\work\dx12 엔진\dx12 주차별\dx12_3주차_2(texture)\01. project\engine\x64\debug\engine.tlog\cl.command.1.tlog
c:\users\jeehun\desktop\jeehun\work\dx12 엔진\dx12 주차별\dx12_3주차_2(texture)\01. project\engine\x64\debug\engine.tlog\cl.read.1.tlog
c:\users\jeehun\desktop\jeehun\work\dx12 엔진\dx12 주차별\dx12_3주차_2(texture)\01. project\engine\x64\debug\engine.tlog\cl.write.1.tlog
c:\users\jeehun\desktop\jeehun\work\dx12 엔진\dx12 주차별\dx12_3주차_2(texture)\01. project\engine\x64\debug\engine.tlog\fxc.command.1.tlog
c:\users\jeehun\desktop\jeehun\work\dx12 엔진\dx12 주차별\dx12_3주차_2(texture)\01. project\engine\x64\debug\engine.tlog\fxc.read.1.tlog
c:\users\jeehun\desktop\jeehun\work\dx12 엔진\dx12 주차별\dx12_3주차_2(texture)\01. project\engine\x64\debug\engine.tlog\lib-link.read.1.tlog
c:\users\jeehun\desktop\jeehun\work\dx12 엔진\dx12 주차별\dx12_3주차_2(texture)\01. project\engine\x64\debug\engine.tlog\lib-link.write.1.tlog
c:\users\jeehun\desktop\jeehun\work\dx12 엔진\dx12 주차별\dx12_3주차_2(texture)\01. project\engine\x64\debug\engine.tlog\lib.command.1.tlog
