FXC : warning X4717: Effects deprecated for D3DCompiler_47
  
  //
  // FX Version: fx_5_0
  //
  // 6 local buffer(s)
  //
  cbuffer TRANSFORM_MATRIX : register(b0)
  {
      float4x4 g_matWorld;                // Offset:    0, size:   64
      float4x4 g_matView;                 // Offset:   64, size:   64
      float4x4 g_matProj;                 // Offset:  128, size:   64
      float4x4 g_matWV;                   // Offset:  192, size:   64
      float4x4 g_matWVP;                  // Offset:  256, size:   64
  }
  
  cbuffer MATERIAL_PARAM : register(b1)
  {
      float4  g_vDiff;                    // Offset:    0, size:   16
      float4  g_vSpec;                    // Offset:   16, size:   16
      float4  g_vEmv;                     // Offset:   32, size:   16
      int     g_int_0;                    // Offset:   48, size:    4
      int     g_int_1;                    // Offset:   52, size:    4
      int     g_int_2;                    // Offset:   56, size:    4
      int     g_int_3;                    // Offset:   60, size:    4
      float   g_float_0;                  // Offset:   64, size:    4
      float   g_float_1;                  // Offset:   68, size:    4
      float   g_float_2;                  // Offset:   72, size:    4
      float   g_float_3;                  // Offset:   76, size:    4
      float2  g_vec2_0;                   // Offset:   80, size:    8
      float2  g_vec2_1;                   // Offset:   88, size:    8
      float2  g_vec2_2;                   // Offset:   96, size:    8
      float2  g_vec2_3;                   // Offset:  104, size:    8
      float4  g_vec4_0;                   // Offset:  112, size:   16
      float4  g_vec4_1;                   // Offset:  128, size:   16
      float4  g_vec4_2;                   // Offset:  144, size:   16
      float4  g_vec4_3;                   // Offset:  160, size:   16
      float4x4 g_mat_0;                   // Offset:  176, size:   64
      float4x4 g_mat_1;                   // Offset:  240, size:   64
      float4x4 g_mat_2;                   // Offset:  304, size:   64
      float4x4 g_mat_3;                   // Offset:  368, size:   64
      int     tex_0;                      // Offset:  432, size:    4
      int     tex_1;                      // Offset:  436, size:    4
      int     tex_2;                      // Offset:  440, size:    4
      int     tex_3;                      // Offset:  444, size:    4
  }
  
  cbuffer ANIM2D : register(b2)
  {
      float2  g_vLT;                      // Offset:    0, size:    8
      float2  g_vLen;                     // Offset:    8, size:    8
      float2  g_vOffset;                  // Offset:   16, size:    8
      int     IsAnim2D;                   // Offset:   24, size:    4
      int     padding2;                   // Offset:   28, size:    4
  }
  
  cbuffer LIGHT2D : register(b3)
  {
      tLight2DInfo g_Light2D[100];        // Offset:    0, size: 6400
      int     g_iLight2DCount;            // Offset: 6400, size:    4
      int3    padding3;                   // Offset: 6404, size:   12
  }
  
  cbuffer LIGHT3D : register(b4)
  {
      tLight3DInfo g_Light3D[100];        // Offset:    0, size: 9600
      int     g_iLight3DCount;            // Offset: 9600, size:    4
      int3    padding3DLight;             // Offset: 9604, size:   12
  }
  
  cbuffer TEST : register(b5)
  {
      float4  g_vTest;                    // Offset:    0, size:   16
  }
  
  //
  // 15 local object(s)
  //
  Texture2D g_tex_0;
  Texture2D g_tex_1;
  Texture2D g_tex_2;
  Texture2D g_tex_3;
  Texture2D g_tex_4;
  Texture2D g_tex_5;
  Texture2D g_tex_6;
  Texture2D g_tex_7;
  Texture2DArray g_arrtex_0;
  Texture2DArray g_arrtex_1;
  Texture2DArray g_arrtex_2;
  Texture2DArray g_arrtex_3;
  Texture2D g_tex_anim2D;
  SamplerState g_sam_0
  {
  };
  SamplerState g_sam_1
  {
  };
  
FXC : warning X4717: Effects deprecated for D3DCompiler_47
  
  //
  // FX Version: fx_5_0
  //
  // 6 local buffer(s)
  //
  cbuffer TRANSFORM_MATRIX : register(b0)
  {
      float4x4 g_matWorld;                // Offset:    0, size:   64
      float4x4 g_matView;                 // Offset:   64, size:   64
      float4x4 g_matProj;                 // Offset:  128, size:   64
      float4x4 g_matWV;                   // Offset:  192, size:   64
      float4x4 g_matWVP;                  // Offset:  256, size:   64
  }
  
  cbuffer MATERIAL_PARAM : register(b1)
  {
      float4  g_vDiff;                    // Offset:    0, size:   16
      float4  g_vSpec;                    // Offset:   16, size:   16
      float4  g_vEmv;                     // Offset:   32, size:   16
      int     g_int_0;                    // Offset:   48, size:    4
      int     g_int_1;                    // Offset:   52, size:    4
      int     g_int_2;                    // Offset:   56, size:    4
      int     g_int_3;                    // Offset:   60, size:    4
      float   g_float_0;                  // Offset:   64, size:    4
      float   g_float_1;                  // Offset:   68, size:    4
      float   g_float_2;                  // Offset:   72, size:    4
      float   g_float_3;                  // Offset:   76, size:    4
      float2  g_vec2_0;                   // Offset:   80, size:    8
      float2  g_vec2_1;                   // Offset:   88, size:    8
      float2  g_vec2_2;                   // Offset:   96, size:    8
      float2  g_vec2_3;                   // Offset:  104, size:    8
      float4  g_vec4_0;                   // Offset:  112, size:   16
      float4  g_vec4_1;                   // Offset:  128, size:   16
      float4  g_vec4_2;                   // Offset:  144, size:   16
      float4  g_vec4_3;                   // Offset:  160, size:   16
      float4x4 g_mat_0;                   // Offset:  176, size:   64
      float4x4 g_mat_1;                   // Offset:  240, size:   64
      float4x4 g_mat_2;                   // Offset:  304, size:   64
      float4x4 g_mat_3;                   // Offset:  368, size:   64
      int     tex_0;                      // Offset:  432, size:    4
      int     tex_1;                      // Offset:  436, size:    4
      int     tex_2;                      // Offset:  440, size:    4
      int     tex_3;                      // Offset:  444, size:    4
  }
  
  cbuffer ANIM2D : register(b2)
  {
      float2  g_vLT;                      // Offset:    0, size:    8
      float2  g_vLen;                     // Offset:    8, size:    8
      float2  g_vOffset;                  // Offset:   16, size:    8
      int     IsAnim2D;                   // Offset:   24, size:    4
      int     padding2;                   // Offset:   28, size:    4
  }
  
  cbuffer LIGHT2D : register(b3)
  {
      tLight2DInfo g_Light2D[100];        // Offset:    0, size: 6400
      int     g_iLight2DCount;            // Offset: 6400, size:    4
      int3    padding3;                   // Offset: 6404, size:   12
  }
  
  cbuffer LIGHT3D : register(b4)
  {
      tLight3DInfo g_Light3D[100];        // Offset:    0, size: 9600
      int     g_iLight3DCount;            // Offset: 9600, size:    4
      int3    padding3DLight;             // Offset: 9604, size:   12
  }
  
  cbuffer TEST : register(b5)
  {
      float4  g_vTest;                    // Offset:    0, size:   16
  }
  
  //
  // 15 local object(s)
  //
  Texture2D g_tex_0;
  Texture2D g_tex_1;
  Texture2D g_tex_2;
  Texture2D g_tex_3;
  Texture2D g_tex_4;
  Texture2D g_tex_5;
  Texture2D g_tex_6;
  Texture2D g_tex_7;
  Texture2DArray g_arrtex_0;
  Texture2DArray g_arrtex_1;
  Texture2DArray g_arrtex_2;
  Texture2DArray g_arrtex_3;
  Texture2D g_tex_anim2D;
  SamplerState g_sam_0
  {
  };
  SamplerState g_sam_1
  {
  };
  
FXC : warning X4717: Effects deprecated for D3DCompiler_47
  
  //
  // FX Version: fx_5_0
  //
  // 6 local buffer(s)
  //
  cbuffer TRANSFORM_MATRIX : register(b0)
  {
      float4x4 g_matWorld;                // Offset:    0, size:   64
      float4x4 g_matView;                 // Offset:   64, size:   64
      float4x4 g_matProj;                 // Offset:  128, size:   64
      float4x4 g_matWV;                   // Offset:  192, size:   64
      float4x4 g_matWVP;                  // Offset:  256, size:   64
  }
  
  cbuffer MATERIAL_PARAM : register(b1)
  {
      float4  g_vDiff;                    // Offset:    0, size:   16
      float4  g_vSpec;                    // Offset:   16, size:   16
      float4  g_vEmv;                     // Offset:   32, size:   16
      int     g_int_0;                    // Offset:   48, size:    4
      int     g_int_1;                    // Offset:   52, size:    4
      int     g_int_2;                    // Offset:   56, size:    4
      int     g_int_3;                    // Offset:   60, size:    4
      float   g_float_0;                  // Offset:   64, size:    4
      float   g_float_1;                  // Offset:   68, size:    4
      float   g_float_2;                  // Offset:   72, size:    4
      float   g_float_3;                  // Offset:   76, size:    4
      float2  g_vec2_0;                   // Offset:   80, size:    8
      float2  g_vec2_1;                   // Offset:   88, size:    8
      float2  g_vec2_2;                   // Offset:   96, size:    8
      float2  g_vec2_3;                   // Offset:  104, size:    8
      float4  g_vec4_0;                   // Offset:  112, size:   16
      float4  g_vec4_1;                   // Offset:  128, size:   16
      float4  g_vec4_2;                   // Offset:  144, size:   16
      float4  g_vec4_3;                   // Offset:  160, size:   16
      float4x4 g_mat_0;                   // Offset:  176, size:   64
      float4x4 g_mat_1;                   // Offset:  240, size:   64
      float4x4 g_mat_2;                   // Offset:  304, size:   64
      float4x4 g_mat_3;                   // Offset:  368, size:   64
      int     tex_0;                      // Offset:  432, size:    4
      int     tex_1;                      // Offset:  436, size:    4
      int     tex_2;                      // Offset:  440, size:    4
      int     tex_3;                      // Offset:  444, size:    4
  }
  
  cbuffer ANIM2D : register(b2)
  {
      float2  g_vLT;                      // Offset:    0, size:    8
      float2  g_vLen;                     // Offset:    8, size:    8
      float2  g_vOffset;                  // Offset:   16, size:    8
      int     IsAnim2D;                   // Offset:   24, size:    4
      int     padding2;                   // Offset:   28, size:    4
  }
  
  cbuffer LIGHT2D : register(b3)
  {
      tLight2DInfo g_Light2D[100];        // Offset:    0, size: 6400
      int     g_iLight2DCount;            // Offset: 6400, size:    4
      int3    padding3;                   // Offset: 6404, size:   12
  }
  
  cbuffer LIGHT3D : register(b4)
  {
      tLight3DInfo g_Light3D[100];        // Offset:    0, size: 9600
      int     g_iLight3DCount;            // Offset: 9600, size:    4
      int3    padding3DLight;             // Offset: 9604, size:   12
  }
  
  cbuffer TEST : register(b5)
  {
      float4  g_vTest;                    // Offset:    0, size:   16
  }
  
  //
  // 15 local object(s)
  //
  Texture2D g_tex_0;
  Texture2D g_tex_1;
  Texture2D g_tex_2;
  Texture2D g_tex_3;
  Texture2D g_tex_4;
  Texture2D g_tex_5;
  Texture2D g_tex_6;
  Texture2D g_tex_7;
  Texture2DArray g_arrtex_0;
  Texture2DArray g_arrtex_1;
  Texture2DArray g_arrtex_2;
  Texture2DArray g_arrtex_3;
  Texture2D g_tex_anim2D;
  SamplerState g_sam_0
  {
  };
  SamplerState g_sam_1
  {
  };
  
FXC : warning X4717: Effects deprecated for D3DCompiler_47
  
  //
  // FX Version: fx_5_0
  //
  // 6 local buffer(s)
  //
  cbuffer TRANSFORM_MATRIX : register(b0)
  {
      float4x4 g_matWorld;                // Offset:    0, size:   64
      float4x4 g_matView;                 // Offset:   64, size:   64
      float4x4 g_matProj;                 // Offset:  128, size:   64
      float4x4 g_matWV;                   // Offset:  192, size:   64
      float4x4 g_matWVP;                  // Offset:  256, size:   64
  }
  
  cbuffer MATERIAL_PARAM : register(b1)
  {
      float4  g_vDiff;                    // Offset:    0, size:   16
      float4  g_vSpec;                    // Offset:   16, size:   16
      float4  g_vEmv;                     // Offset:   32, size:   16
      int     g_int_0;                    // Offset:   48, size:    4
      int     g_int_1;                    // Offset:   52, size:    4
      int     g_int_2;                    // Offset:   56, size:    4
      int     g_int_3;                    // Offset:   60, size:    4
      float   g_float_0;                  // Offset:   64, size:    4
      float   g_float_1;                  // Offset:   68, size:    4
      float   g_float_2;                  // Offset:   72, size:    4
      float   g_float_3;                  // Offset:   76, size:    4
      float2  g_vec2_0;                   // Offset:   80, size:    8
      float2  g_vec2_1;                   // Offset:   88, size:    8
      float2  g_vec2_2;                   // Offset:   96, size:    8
      float2  g_vec2_3;                   // Offset:  104, size:    8
      float4  g_vec4_0;                   // Offset:  112, size:   16
      float4  g_vec4_1;                   // Offset:  128, size:   16
      float4  g_vec4_2;                   // Offset:  144, size:   16
      float4  g_vec4_3;                   // Offset:  160, size:   16
      float4x4 g_mat_0;                   // Offset:  176, size:   64
      float4x4 g_mat_1;                   // Offset:  240, size:   64
      float4x4 g_mat_2;                   // Offset:  304, size:   64
      float4x4 g_mat_3;                   // Offset:  368, size:   64
      int     tex_0;                      // Offset:  432, size:    4
      int     tex_1;                      // Offset:  436, size:    4
      int     tex_2;                      // Offset:  440, size:    4
      int     tex_3;                      // Offset:  444, size:    4
  }
  
  cbuffer ANIM2D : register(b2)
  {
      float2  g_vLT;                      // Offset:    0, size:    8
      float2  g_vLen;                     // Offset:    8, size:    8
      float2  g_vOffset;                  // Offset:   16, size:    8
      int     IsAnim2D;                   // Offset:   24, size:    4
      int     padding2;                   // Offset:   28, size:    4
  }
  
  cbuffer LIGHT2D : register(b3)
  {
      tLight2DInfo g_Light2D[100];        // Offset:    0, size: 6400
      int     g_iLight2DCount;            // Offset: 6400, size:    4
      int3    padding3;                   // Offset: 6404, size:   12
  }
  
  cbuffer LIGHT3D : register(b4)
  {
      tLight3DInfo g_Light3D[100];        // Offset:    0, size: 9600
      int     g_iLight3DCount;            // Offset: 9600, size:    4
      int3    padding3DLight;             // Offset: 9604, size:   12
  }
  
  cbuffer TEST : register(b5)
  {
      float4  g_vTest;                    // Offset:    0, size:   16
  }
  
  //
  // 15 local object(s)
  //
  Texture2D g_tex_0;
  Texture2D g_tex_1;
  Texture2D g_tex_2;
  Texture2D g_tex_3;
  Texture2D g_tex_4;
  Texture2D g_tex_5;
  Texture2D g_tex_6;
  Texture2D g_tex_7;
  Texture2DArray g_arrtex_0;
  Texture2DArray g_arrtex_1;
  Texture2DArray g_arrtex_2;
  Texture2DArray g_arrtex_3;
  Texture2D g_tex_anim2D;
  SamplerState g_sam_0
  {
  };
  SamplerState g_sam_1
  {
  };
  
FXC : warning X4717: Effects deprecated for D3DCompiler_47
  
  //
  // FX Version: fx_5_0
  //
  // 6 local buffer(s)
  //
  cbuffer TRANSFORM_MATRIX : register(b0)
  {
      float4x4 g_matWorld;                // Offset:    0, size:   64
      float4x4 g_matView;                 // Offset:   64, size:   64
      float4x4 g_matProj;                 // Offset:  128, size:   64
      float4x4 g_matWV;                   // Offset:  192, size:   64
      float4x4 g_matWVP;                  // Offset:  256, size:   64
  }
  
  cbuffer MATERIAL_PARAM : register(b1)
  {
      float4  g_vDiff;                    // Offset:    0, size:   16
      float4  g_vSpec;                    // Offset:   16, size:   16
      float4  g_vEmv;                     // Offset:   32, size:   16
      int     g_int_0;                    // Offset:   48, size:    4
      int     g_int_1;                    // Offset:   52, size:    4
      int     g_int_2;                    // Offset:   56, size:    4
      int     g_int_3;                    // Offset:   60, size:    4
      float   g_float_0;                  // Offset:   64, size:    4
      float   g_float_1;                  // Offset:   68, size:    4
      float   g_float_2;                  // Offset:   72, size:    4
      float   g_float_3;                  // Offset:   76, size:    4
      float2  g_vec2_0;                   // Offset:   80, size:    8
      float2  g_vec2_1;                   // Offset:   88, size:    8
      float2  g_vec2_2;                   // Offset:   96, size:    8
      float2  g_vec2_3;                   // Offset:  104, size:    8
      float4  g_vec4_0;                   // Offset:  112, size:   16
      float4  g_vec4_1;                   // Offset:  128, size:   16
      float4  g_vec4_2;                   // Offset:  144, size:   16
      float4  g_vec4_3;                   // Offset:  160, size:   16
      float4x4 g_mat_0;                   // Offset:  176, size:   64
      float4x4 g_mat_1;                   // Offset:  240, size:   64
      float4x4 g_mat_2;                   // Offset:  304, size:   64
      float4x4 g_mat_3;                   // Offset:  368, size:   64
      int     tex_0;                      // Offset:  432, size:    4
      int     tex_1;                      // Offset:  436, size:    4
      int     tex_2;                      // Offset:  440, size:    4
      int     tex_3;                      // Offset:  444, size:    4
  }
  
  cbuffer ANIM2D : register(b2)
  {
      float2  g_vLT;                      // Offset:    0, size:    8
      float2  g_vLen;                     // Offset:    8, size:    8
      float2  g_vOffset;                  // Offset:   16, size:    8
      int     IsAnim2D;                   // Offset:   24, size:    4
      int     padding2;                   // Offset:   28, size:    4
  }
  
  cbuffer LIGHT2D : register(b3)
  {
      tLight2DInfo g_Light2D[100];        // Offset:    0, size: 6400
      int     g_iLight2DCount;            // Offset: 6400, size:    4
      int3    padding3;                   // Offset: 6404, size:   12
  }
  
  cbuffer LIGHT3D : register(b4)
  {
      tLight3DInfo g_Light3D[100];        // Offset:    0, size: 9600
      int     g_iLight3DCount;            // Offset: 9600, size:    4
      int3    padding3DLight;             // Offset: 9604, size:   12
  }
  
  cbuffer TEST : register(b5)
  {
      float4  g_vTest;                    // Offset:    0, size:   16
  }
  
  //
  // 15 local object(s)
  //
  Texture2D g_tex_0;
  Texture2D g_tex_1;
  Texture2D g_tex_2;
  Texture2D g_tex_3;
  Texture2D g_tex_4;
  Texture2D g_tex_5;
  Texture2D g_tex_6;
  Texture2D g_tex_7;
  Texture2DArray g_arrtex_0;
  Texture2DArray g_arrtex_1;
  Texture2DArray g_arrtex_2;
  Texture2DArray g_arrtex_3;
  Texture2D g_tex_anim2D;
  SamplerState g_sam_0
  {
  };
  SamplerState g_sam_1
  {
  };
  
  PlayerScript.cpp
  Engine.vcxproj -> C:\Users\yajun\Desktop\graduation_project\Graduation_Project\졸작 프로젝트\zombie\03. External\Library\Engine\Engine_debug.lib
  0개 파일이 복사되었습니다.
  0개 파일이 복사되었습니다.
