  stdafx.cpp
  Animation2D.cpp
  Animator2D.cpp
  Animator3D.cpp
  BehaviourTree.cpp
  BulletScript.cpp
  Camera.cpp
  Collider2D.cpp
  CollisionMgr.cpp
  Component.cpp
  ConstantBuffer.cpp
  Core.cpp
  Device.cpp
  Entity.cpp
  EventMgr.cpp
  FBXLoader.cpp
C:\Users\SuperHong\source\repos\GitHub\Graduation_Project\Graduation_Project\zombie\01. Project\Engine\FBXLoader.cpp(361,100): warning C4244: '인수': 'fbxsdk::FbxDouble'에서 'float'(으)로 변환하면서 데이터가 손실될 수 있습니다.
C:\Users\SuperHong\source\repos\GitHub\Graduation_Project\Graduation_Project\zombie\01. Project\Engine\FBXLoader.cpp(361,89): warning C4244: '인수': 'T'에서 'float'(으)로 변환하면서 데이터가 손실될 수 있습니다.
          with
          [
              T=fbxsdk::FbxDouble
          ]
C:\Users\SuperHong\source\repos\GitHub\Graduation_Project\Graduation_Project\zombie\01. Project\Engine\FBXLoader.cpp(361,63): warning C4244: '인수': 'T'에서 'float'(으)로 변환하면서 데이터가 손실될 수 있습니다.
          with
          [
              T=fbxsdk::FbxDouble
          ]
C:\Users\SuperHong\source\repos\GitHub\Graduation_Project\Graduation_Project\zombie\01. Project\Engine\FBXLoader.cpp(361,37): warning C4244: '인수': 'T'에서 'float'(으)로 변환하면서 데이터가 손실될 수 있습니다.
          with
          [
              T=fbxsdk::FbxDouble
          ]
C:\Program Files (x86)\Microsoft Visual Studio\2019\Community\VC\Tools\MSVC\14.28.29333\include\xstring(2468,23): warning C4244: '인수': 'const wchar_t'에서 'const _Elem'(으)로 변환하면서 데이터가 손실될 수 있습니다.
          with
          [
              _Elem=char
          ]
C:\Program Files (x86)\Microsoft Visual Studio\2019\Community\VC\Tools\MSVC\14.28.29333\include\xstring(2479): message : 컴파일되는 함수 템플릿 인스턴스화 'void std::basic_string<char,std::char_traits<char>,std::allocator<char>>::_Construct<const wchar_t*>(_Iter,const _Iter,std::input_iterator_tag)'에 대한 참조를 확인하세요.
          with
          [
              _Iter=const wchar_t *
          ]
C:\Program Files (x86)\Microsoft Visual Studio\2019\Community\VC\Tools\MSVC\14.28.29333\include\xstring(2479): message : 컴파일되는 함수 템플릿 인스턴스화 'void std::basic_string<char,std::char_traits<char>,std::allocator<char>>::_Construct<const wchar_t*>(_Iter,const _Iter,std::input_iterator_tag)'에 대한 참조를 확인하세요.
          with
          [
              _Iter=const wchar_t *
          ]
C:\Program Files (x86)\Microsoft Visual Studio\2019\Community\VC\Tools\MSVC\14.28.29333\include\xstring(2459): message : 컴파일되는 함수 템플릿 인스턴스화 'void std::basic_string<char,std::char_traits<char>,std::allocator<char>>::_Construct<const wchar_t*>(const _Iter,const _Iter,std::forward_iterator_tag)'에 대한 참조를 확인하세요.
          with
          [
              _Iter=const wchar_t *
          ]
C:\Program Files (x86)\Microsoft Visual Studio\2019\Community\VC\Tools\MSVC\14.28.29333\include\xstring(2459): message : 컴파일되는 함수 템플릿 인스턴스화 'void std::basic_string<char,std::char_traits<char>,std::allocator<char>>::_Construct<const wchar_t*>(const _Iter,const _Iter,std::forward_iterator_tag)'에 대한 참조를 확인하세요.
          with
          [
              _Iter=const wchar_t *
          ]
C:\Users\SuperHong\source\repos\GitHub\Graduation_Project\Graduation_Project\zombie\01. Project\Engine\FBXLoader.cpp(59): message : 컴파일되는 함수 템플릿 인스턴스화 'std::basic_string<char,std::char_traits<char>,std::allocator<char>>::basic_string<std::_String_const_iterator<std::_String_val<std::_Simple_types<_Elem>>>,0>(_Iter,_Iter,const _Alloc &)'에 대한 참조를 확인하세요.
          with
          [
              _Elem=wchar_t,
              _Iter=std::_String_const_iterator<std::_String_val<std::_Simple_types<wchar_t>>>,
              _Alloc=std::allocator<char>
          ]
C:\Users\SuperHong\source\repos\GitHub\Graduation_Project\Graduation_Project\zombie\01. Project\Engine\FBXLoader.cpp(59): message : 컴파일되는 함수 템플릿 인스턴스화 'std::basic_string<char,std::char_traits<char>,std::allocator<char>>::basic_string<std::_String_const_iterator<std::_String_val<std::_Simple_types<_Elem>>>,0>(_Iter,_Iter,const _Alloc &)'에 대한 참조를 확인하세요.
          with
          [
              _Elem=wchar_t,
              _Iter=std::_String_const_iterator<std::_String_val<std::_Simple_types<wchar_t>>>,
              _Alloc=std::allocator<char>
          ]
  Frustum.cpp
  GameObject.cpp
  GridScript.cpp
  KeyMgr.cpp
  Layer.cpp
  코드를 생성하고 있습니다...
  컴파일하고 있습니다...
  Light2D.cpp
  Light3D.cpp
  MRT.cpp
C:\Users\SuperHong\source\repos\GitHub\Graduation_Project\Graduation_Project\zombie\01. Project\Engine\MRT.cpp(51,20): warning C4018: '<': signed 또는 unsigned가 일치하지 않습니다.
  Material.cpp
  Mesh.cpp
  MeshData.cpp
C:\Users\SuperHong\source\repos\GitHub\Graduation_Project\Graduation_Project\zombie\01. Project\Engine\MeshData.cpp(46,31): warning C4267: '인수': 'size_t'에서 'UINT'(으)로 변환하면서 데이터가 손실될 수 있습니다.
  MeshRender.cpp
  MonsterScript.cpp
C:\Users\SuperHong\source\repos\GitHub\Graduation_Project\Graduation_Project\zombie\01. Project\Engine\MonsterScript.cpp(36,27): warning C4244: '초기화 중': 'double'에서 'float'(으)로 변환하면서 데이터가 손실될 수 있습니다.
  ParticleSystem.cpp
  PathMgr.cpp
  PlayerScript.cpp
  RenderMgr.cpp
  RenderMgrInit.cpp
  ResMgr.cpp
  ResMgrInit.cpp
  Resource.cpp
  Scene.cpp
  SceneMgr.cpp
C:\Users\SuperHong\source\repos\GitHub\Graduation_Project\Graduation_Project\zombie\01. Project\Engine\ToolCamScript.h(12,22): warning C4305: '초기화 중': 'double'에서 'float'(으)로 잘립니다.
  Script.cpp
  Shader.cpp
  코드를 생성하고 있습니다...
  컴파일하고 있습니다...
  SimpleMath.cpp
  Sound.cpp
C:\Program Files (x86)\Microsoft Visual Studio\2019\Community\VC\Tools\MSVC\14.28.29333\include\xstring(2468,23): warning C4244: '인수': 'const wchar_t'에서 'const _Elem'(으)로 변환하면서 데이터가 손실될 수 있습니다.
          with
          [
              _Elem=char
          ]
C:\Program Files (x86)\Microsoft Visual Studio\2019\Community\VC\Tools\MSVC\14.28.29333\include\xstring(2479): message : 컴파일되는 함수 템플릿 인스턴스화 'void std::basic_string<char,std::char_traits<char>,std::allocator<char>>::_Construct<const wchar_t*>(_Iter,const _Iter,std::input_iterator_tag)'에 대한 참조를 확인하세요.
          with
          [
              _Iter=const wchar_t *
          ]
C:\Program Files (x86)\Microsoft Visual Studio\2019\Community\VC\Tools\MSVC\14.28.29333\include\xstring(2479): message : 컴파일되는 함수 템플릿 인스턴스화 'void std::basic_string<char,std::char_traits<char>,std::allocator<char>>::_Construct<const wchar_t*>(_Iter,const _Iter,std::input_iterator_tag)'에 대한 참조를 확인하세요.
          with
          [
              _Iter=const wchar_t *
          ]
C:\Program Files (x86)\Microsoft Visual Studio\2019\Community\VC\Tools\MSVC\14.28.29333\include\xstring(2459): message : 컴파일되는 함수 템플릿 인스턴스화 'void std::basic_string<char,std::char_traits<char>,std::allocator<char>>::_Construct<const wchar_t*>(const _Iter,const _Iter,std::forward_iterator_tag)'에 대한 참조를 확인하세요.
          with
          [
              _Iter=const wchar_t *
          ]
C:\Program Files (x86)\Microsoft Visual Studio\2019\Community\VC\Tools\MSVC\14.28.29333\include\xstring(2459): message : 컴파일되는 함수 템플릿 인스턴스화 'void std::basic_string<char,std::char_traits<char>,std::allocator<char>>::_Construct<const wchar_t*>(const _Iter,const _Iter,std::forward_iterator_tag)'에 대한 참조를 확인하세요.
          with
          [
              _Iter=const wchar_t *
          ]
C:\Users\SuperHong\source\repos\GitHub\Graduation_Project\Graduation_Project\zombie\01. Project\Engine\Sound.cpp(100): message : 컴파일되는 함수 템플릿 인스턴스화 'std::basic_string<char,std::char_traits<char>,std::allocator<char>>::basic_string<std::_String_const_iterator<std::_String_val<std::_Simple_types<_Elem>>>,0>(_Iter,_Iter,const _Alloc &)'에 대한 참조를 확인하세요.
          with
          [
              _Elem=wchar_t,
              _Iter=std::_String_const_iterator<std::_String_val<std::_Simple_types<wchar_t>>>,
              _Alloc=std::allocator<char>
          ]
C:\Users\SuperHong\source\repos\GitHub\Graduation_Project\Graduation_Project\zombie\01. Project\Engine\Sound.cpp(100): message : 컴파일되는 함수 템플릿 인스턴스화 'std::basic_string<char,std::char_traits<char>,std::allocator<char>>::basic_string<std::_String_const_iterator<std::_String_val<std::_Simple_types<_Elem>>>,0>(_Iter,_Iter,const _Alloc &)'에 대한 참조를 확인하세요.
          with
          [
              _Elem=wchar_t,
              _Iter=std::_String_const_iterator<std::_String_val<std::_Simple_types<wchar_t>>>,
              _Alloc=std::allocator<char>
          ]
  StructuredBuffer.cpp
  TestScript.cpp
  Texture.cpp
  TimeMgr.cpp
  ToolCamScript.cpp
C:\Users\SuperHong\source\repos\GitHub\Graduation_Project\Graduation_Project\zombie\01. Project\Engine\ToolCamScript.h(12,22): warning C4305: '초기화 중': 'double'에서 'float'(으)로 잘립니다.
C:\Users\SuperHong\source\repos\GitHub\Graduation_Project\Graduation_Project\zombie\01. Project\Engine\ToolCamScript.cpp(96,21): warning C4305: '=': 'double'에서 'float'(으)로 잘립니다.
  Transform.cpp
  desc.cpp
  func.cpp
  코드를 생성하고 있습니다...
  Engine.vcxproj -> C:\Users\SuperHong\source\repos\GitHub\Graduation_Project\Graduation_Project\zombie\03. External\Library\Engine\Engine_debug.lib
  .\01. Project\Engine\Core.h
  .\01. Project\Engine\global.h
  .\01. Project\Engine\KeyMgr.h
  .\01. Project\Engine\PathMgr.h
  .\01. Project\Engine\TimeMgr.h
  5개 파일이 복사되었습니다.
  0개 파일이 복사되었습니다.
