c:\users\jeehun\desktop\jeehun\work\dx12 엔진\1\01. project\client\x64\debug\client.pch
c:\users\jeehun\desktop\jeehun\work\dx12 엔진\1\01. project\client\x64\debug\vc141.pdb
c:\users\jeehun\desktop\jeehun\work\dx12 엔진\1\01. project\client\x64\debug\vc141.idb
c:\users\jeehun\desktop\jeehun\work\dx12 엔진\1\01. project\client\x64\debug\stdafx.obj
c:\users\jeehun\desktop\jeehun\work\dx12 엔진\1\01. project\client\x64\debug\main.obj
c:\users\jeehun\desktop\jeehun\work\dx12 엔진\2\01. project\client\x64\debug\client.pch
c:\users\jeehun\desktop\jeehun\work\dx12 엔진\2\01. project\client\x64\debug\vc141.pdb
c:\users\jeehun\desktop\jeehun\work\dx12 엔진\2\01. project\client\x64\debug\vc141.idb
c:\users\jeehun\desktop\jeehun\work\dx12 엔진\2\01. project\client\x64\debug\stdafx.obj
c:\users\jeehun\desktop\jeehun\work\dx12 엔진\2\01. project\client\x64\debug\main.obj
c:\users\jeehun\desktop\jeehun\work\dx12 엔진\dx12 주차별\dx12_3주차_2(texture)\01. project\client\x64\debug\client.pch
c:\users\jeehun\desktop\jeehun\work\dx12 엔진\dx12 주차별\dx12_3주차_2(texture)\01. project\client\x64\debug\vc141.pdb
c:\users\jeehun\desktop\jeehun\work\dx12 엔진\dx12 주차별\dx12_3주차_2(texture)\01. project\client\x64\debug\vc141.idb
c:\users\jeehun\desktop\jeehun\work\dx12 엔진\dx12 주차별\dx12_3주차_2(texture)\01. project\client\x64\debug\stdafx.obj
c:\users\jeehun\desktop\jeehun\work\dx12 엔진\dx12 주차별\dx12_3주차_2(texture)\01. project\client\x64\debug\main.obj
c:\users\jeehun\desktop\jeehun\work\dx12 엔진\1\02. file\bin_debug\client.exe
c:\users\jeehun\desktop\jeehun\work\dx12 엔진\1\02. file\bin_debug\client.ilk
c:\users\jeehun\desktop\jeehun\work\dx12 엔진\1\02. file\bin_debug\client.pdb
c:\users\jeehun\desktop\jeehun\work\dx12 엔진\2\02. file\bin_debug\client.exe
c:\users\jeehun\desktop\jeehun\work\dx12 엔진\2\02. file\bin_debug\client.ilk
c:\users\jeehun\desktop\jeehun\work\dx12 엔진\2\02. file\bin_debug\client.pdb
c:\users\jeehun\desktop\jeehun\work\dx12 엔진\dx12 주차별\dx12_3주차_2(texture)\02. file\bin_debug\client.exe
c:\users\jeehun\desktop\jeehun\work\dx12 엔진\dx12 주차별\dx12_3주차_2(texture)\02. file\bin_debug\client.ilk
c:\users\jeehun\desktop\jeehun\work\dx12 엔진\dx12 주차별\dx12_3주차_2(texture)\02. file\bin_debug\client.pdb
c:\users\jeehun\desktop\jeehun\work\dx12 엔진\1\01. project\client\x64\debug\client.res
c:\users\jeehun\desktop\jeehun\work\dx12 엔진\2\01. project\client\x64\debug\client.res
c:\users\jeehun\desktop\jeehun\work\dx12 엔진\dx12 주차별\dx12_3주차_2(texture)\01. project\client\x64\debug\client.res
c:\users\jeehun\desktop\jeehun\work\dx12 엔진\dx12 주차별\dx12_3주차_2(texture)\01. project\client\x64\debug\client.tlog\cl.command.1.tlog
c:\users\jeehun\desktop\jeehun\work\dx12 엔진\dx12 주차별\dx12_3주차_2(texture)\01. project\client\x64\debug\client.tlog\cl.read.1.tlog
c:\users\jeehun\desktop\jeehun\work\dx12 엔진\dx12 주차별\dx12_3주차_2(texture)\01. project\client\x64\debug\client.tlog\cl.write.1.tlog
c:\users\jeehun\desktop\jeehun\work\dx12 엔진\dx12 주차별\dx12_3주차_2(texture)\01. project\client\x64\debug\client.tlog\link.command.1.tlog
c:\users\jeehun\desktop\jeehun\work\dx12 엔진\dx12 주차별\dx12_3주차_2(texture)\01. project\client\x64\debug\client.tlog\link.read.1.tlog
c:\users\jeehun\desktop\jeehun\work\dx12 엔진\dx12 주차별\dx12_3주차_2(texture)\01. project\client\x64\debug\client.tlog\link.write.1.tlog
c:\users\jeehun\desktop\jeehun\work\dx12 엔진\dx12 주차별\dx12_3주차_2(texture)\01. project\client\x64\debug\client.tlog\rc.command.1.tlog
c:\users\jeehun\desktop\jeehun\work\dx12 엔진\dx12 주차별\dx12_3주차_2(texture)\01. project\client\x64\debug\client.tlog\rc.read.1.tlog
c:\users\jeehun\desktop\jeehun\work\dx12 엔진\dx12 주차별\dx12_3주차_2(texture)\01. project\client\x64\debug\client.tlog\rc.write.1.tlog
