c:\users\jeehun\desktop\jeehun\dx12_1th\dx12_12th_1(3danimation)\01. project\engine\x64\release\engine.pch
c:\users\jeehun\desktop\jeehun\dx12_1th\dx12_12th_1(3danimation)\01. project\engine\x64\release\engine.pdb
c:\users\jeehun\desktop\jeehun\dx12_1th\dx12_12th_1(3danimation)\01. project\engine\x64\release\stdafx.obj
c:\users\jeehun\desktop\jeehun\dx12_1th\dx12_12th_1(3danimation)\01. project\engine\x64\release\light2d.obj
c:\users\jeehun\desktop\jeehun\dx12_1th\dx12_12th_1(3danimation)\01. project\engine\x64\release\layer.obj
c:\users\jeehun\desktop\jeehun\dx12_1th\dx12_12th_1(3danimation)\01. project\engine\x64\release\keymgr.obj
c:\users\jeehun\desktop\jeehun\dx12_1th\dx12_12th_1(3danimation)\01. project\engine\x64\release\gridscript.obj
c:\users\jeehun\desktop\jeehun\dx12_1th\dx12_12th_1(3danimation)\01. project\engine\x64\release\gameobject.obj
c:\users\jeehun\desktop\jeehun\dx12_1th\dx12_12th_1(3danimation)\01. project\engine\x64\release\frustum.obj
c:\users\jeehun\desktop\jeehun\dx12_1th\dx12_12th_1(3danimation)\01. project\engine\x64\release\fbxloader.obj
c:\users\jeehun\desktop\jeehun\dx12_1th\dx12_12th_1(3danimation)\01. project\engine\x64\release\eventmgr.obj
c:\users\jeehun\desktop\jeehun\dx12_1th\dx12_12th_1(3danimation)\01. project\engine\x64\release\entity.obj
c:\users\jeehun\desktop\jeehun\dx12_1th\dx12_12th_1(3danimation)\01. project\engine\x64\release\device.obj
c:\users\jeehun\desktop\jeehun\dx12_1th\dx12_12th_1(3danimation)\01. project\engine\x64\release\core.obj
c:\users\jeehun\desktop\jeehun\dx12_1th\dx12_12th_1(3danimation)\01. project\engine\x64\release\constantbuffer.obj
c:\users\jeehun\desktop\jeehun\dx12_1th\dx12_12th_1(3danimation)\01. project\engine\x64\release\component.obj
c:\users\jeehun\desktop\jeehun\dx12_1th\dx12_12th_1(3danimation)\01. project\engine\x64\release\collisionmgr.obj
c:\users\jeehun\desktop\jeehun\dx12_1th\dx12_12th_1(3danimation)\01. project\engine\x64\release\collider2d.obj
c:\users\jeehun\desktop\jeehun\dx12_1th\dx12_12th_1(3danimation)\01. project\engine\x64\release\camera.obj
c:\users\jeehun\desktop\jeehun\dx12_1th\dx12_12th_1(3danimation)\01. project\engine\x64\release\bulletscript.obj
c:\users\jeehun\desktop\jeehun\dx12_1th\dx12_12th_1(3danimation)\01. project\engine\x64\release\animator3d.obj
c:\users\jeehun\desktop\jeehun\dx12_1th\dx12_12th_1(3danimation)\01. project\engine\x64\release\animator2d.obj
c:\users\jeehun\desktop\jeehun\dx12_1th\dx12_12th_1(3danimation)\01. project\engine\x64\release\animation2d.obj
c:\users\jeehun\desktop\jeehun\dx12_1th\dx12_12th_1(3danimation)\01. project\engine\x64\release\simplemath.obj
c:\users\jeehun\desktop\jeehun\dx12_1th\dx12_12th_1(3danimation)\01. project\engine\x64\release\shader.obj
c:\users\jeehun\desktop\jeehun\dx12_1th\dx12_12th_1(3danimation)\01. project\engine\x64\release\script.obj
c:\users\jeehun\desktop\jeehun\dx12_1th\dx12_12th_1(3danimation)\01. project\engine\x64\release\scenemgr.obj
c:\users\jeehun\desktop\jeehun\dx12_1th\dx12_12th_1(3danimation)\01. project\engine\x64\release\scene.obj
c:\users\jeehun\desktop\jeehun\dx12_1th\dx12_12th_1(3danimation)\01. project\engine\x64\release\resource.obj
c:\users\jeehun\desktop\jeehun\dx12_1th\dx12_12th_1(3danimation)\01. project\engine\x64\release\resmgrinit.obj
c:\users\jeehun\desktop\jeehun\dx12_1th\dx12_12th_1(3danimation)\01. project\engine\x64\release\resmgr.obj
c:\users\jeehun\desktop\jeehun\dx12_1th\dx12_12th_1(3danimation)\01. project\engine\x64\release\rendermgrinit.obj
c:\users\jeehun\desktop\jeehun\dx12_1th\dx12_12th_1(3danimation)\01. project\engine\x64\release\rendermgr.obj
c:\users\jeehun\desktop\jeehun\dx12_1th\dx12_12th_1(3danimation)\01. project\engine\x64\release\playerscript.obj
c:\users\jeehun\desktop\jeehun\dx12_1th\dx12_12th_1(3danimation)\01. project\engine\x64\release\pathmgr.obj
c:\users\jeehun\desktop\jeehun\dx12_1th\dx12_12th_1(3danimation)\01. project\engine\x64\release\particlesystem.obj
c:\users\jeehun\desktop\jeehun\dx12_1th\dx12_12th_1(3danimation)\01. project\engine\x64\release\monsterscript.obj
c:\users\jeehun\desktop\jeehun\dx12_1th\dx12_12th_1(3danimation)\01. project\engine\x64\release\meshrender.obj
c:\users\jeehun\desktop\jeehun\dx12_1th\dx12_12th_1(3danimation)\01. project\engine\x64\release\meshdata.obj
c:\users\jeehun\desktop\jeehun\dx12_1th\dx12_12th_1(3danimation)\01. project\engine\x64\release\mesh.obj
c:\users\jeehun\desktop\jeehun\dx12_1th\dx12_12th_1(3danimation)\01. project\engine\x64\release\material.obj
c:\users\jeehun\desktop\jeehun\dx12_1th\dx12_12th_1(3danimation)\01. project\engine\x64\release\mrt.obj
c:\users\jeehun\desktop\jeehun\dx12_1th\dx12_12th_1(3danimation)\01. project\engine\x64\release\light3d.obj
c:\users\jeehun\desktop\jeehun\dx12_1th\dx12_12th_1(3danimation)\01. project\engine\x64\release\func.obj
c:\users\jeehun\desktop\jeehun\dx12_1th\dx12_12th_1(3danimation)\01. project\engine\x64\release\desc.obj
c:\users\jeehun\desktop\jeehun\dx12_1th\dx12_12th_1(3danimation)\01. project\engine\x64\release\transform.obj
c:\users\jeehun\desktop\jeehun\dx12_1th\dx12_12th_1(3danimation)\01. project\engine\x64\release\toolcamscript.obj
c:\users\jeehun\desktop\jeehun\dx12_1th\dx12_12th_1(3danimation)\01. project\engine\x64\release\timemgr.obj
c:\users\jeehun\desktop\jeehun\dx12_1th\dx12_12th_1(3danimation)\01. project\engine\x64\release\texture.obj
c:\users\jeehun\desktop\jeehun\dx12_1th\dx12_12th_1(3danimation)\01. project\engine\x64\release\testscript.obj
c:\users\jeehun\desktop\jeehun\dx12_1th\dx12_12th_1(3danimation)\01. project\engine\x64\release\structuredbuffer.obj
c:\users\jeehun\desktop\jeehun\dx12_1th\dx12_12th_1(3danimation)\01. project\engine\x64\release\sound.obj
c:\users\jeehun\desktop\jeehun\dx12_1th\dx12_12th_1(3danimation)\03. external\library\engine\engine.lib
c:\users\jeehun\desktop\jeehun\dx12_1th\dx12_12th_1(3danimation)\01. project\engine\x64\release\engine.res
c:\users\jeehun\desktop\jeehun\dx12_1th\dx12_12th_1(3danimation)\03. external\library\engine\engine.pdb
c:\users\jeehun\desktop\jeehun\dx12_1th\dx12_12th_1(3danimation)\01. project\engine\x64\release\engine.tlog\cl.command.1.tlog
c:\users\jeehun\desktop\jeehun\dx12_1th\dx12_12th_1(3danimation)\01. project\engine\x64\release\engine.tlog\cl.read.1.tlog
c:\users\jeehun\desktop\jeehun\dx12_1th\dx12_12th_1(3danimation)\01. project\engine\x64\release\engine.tlog\cl.write.1.tlog
c:\users\jeehun\desktop\jeehun\dx12_1th\dx12_12th_1(3danimation)\01. project\engine\x64\release\engine.tlog\fxc.command.1.tlog
c:\users\jeehun\desktop\jeehun\dx12_1th\dx12_12th_1(3danimation)\01. project\engine\x64\release\engine.tlog\fxc.read.1.tlog
c:\users\jeehun\desktop\jeehun\dx12_1th\dx12_12th_1(3danimation)\01. project\engine\x64\release\engine.tlog\lib-link-cvtres.read.1.tlog
c:\users\jeehun\desktop\jeehun\dx12_1th\dx12_12th_1(3danimation)\01. project\engine\x64\release\engine.tlog\lib-link-cvtres.write.1.tlog
c:\users\jeehun\desktop\jeehun\dx12_1th\dx12_12th_1(3danimation)\01. project\engine\x64\release\engine.tlog\lib.command.1.tlog
c:\users\jeehun\desktop\jeehun\dx12_1th\dx12_12th_1(3danimation)\01. project\engine\x64\release\engine.tlog\rc.command.1.tlog
c:\users\jeehun\desktop\jeehun\dx12_1th\dx12_12th_1(3danimation)\01. project\engine\x64\release\engine.tlog\rc.read.1.tlog
c:\users\jeehun\desktop\jeehun\dx12_1th\dx12_12th_1(3danimation)\01. project\engine\x64\release\engine.tlog\rc.write.1.tlog
