FXC : warning X4717: Effects deprecated for D3DCompiler_47
  
  //
  // FX Version: fx_5_0
  //
  // 6 local buffer(s)
  //
  cbuffer TRANSFORM_MATRIX : register(b0)
  {
      float4x4 g_matWorld;                // Offset:    0, size:   64
      float4x4 g_matView;                 // Offset:   64, size:   64
      float4x4 g_matProj;                 // Offset:  128, size:   64
      float4x4 g_matWV;                   // Offset:  192, size:   64
      float4x4 g_matWVP;                  // Offset:  256, size:   64
      float4x4 g_matWorldInv;             // Offset:  320, size:   64
      float4x4 g_matViewInv;              // Offset:  384, size:   64
      float4x4 g_matProjInv;              // Offset:  448, size:   64
  }
  
  cbuffer MATERIAL_PARAM : register(b1)
  {
      float4  g_vDiff;                    // Offset:    0, size:   16
      float4  g_vSpec;                    // Offset:   16, size:   16
      float4  g_vEmv;                     // Offset:   32, size:   16
      int     g_int_0;                    // Offset:   48, size:    4
      int     g_int_1;                    // Offset:   52, size:    4
      int     g_int_2;                    // Offset:   56, size:    4
      int     g_int_3;                    // Offset:   60, size:    4
      float   g_float_0;                  // Offset:   64, size:    4
      float   g_float_1;                  // Offset:   68, size:    4
      float   g_float_2;                  // Offset:   72, size:    4
      float   g_float_3;                  // Offset:   76, size:    4
      float2  g_vec2_0;                   // Offset:   80, size:    8
      float2  g_vec2_1;                   // Offset:   88, size:    8
      float2  g_vec2_2;                   // Offset:   96, size:    8
      float2  g_vec2_3;                   // Offset:  104, size:    8
      float4  g_vec4_0;                   // Offset:  112, size:   16
      float4  g_vec4_1;                   // Offset:  128, size:   16
      float4  g_vec4_2;                   // Offset:  144, size:   16
      float4  g_vec4_3;                   // Offset:  160, size:   16
      float4x4 g_mat_0;                   // Offset:  176, size:   64
      float4x4 g_mat_1;                   // Offset:  240, size:   64
      float4x4 g_mat_2;                   // Offset:  304, size:   64
      float4x4 g_mat_3;                   // Offset:  368, size:   64
      int     tex_0;                      // Offset:  432, size:    4
      int     tex_1;                      // Offset:  436, size:    4
      int     tex_2;                      // Offset:  440, size:    4
      int     tex_3;                      // Offset:  444, size:    4
  }
  
  cbuffer ANIM2D : register(b2)
  {
      float2  g_vLT;                      // Offset:    0, size:    8
      float2  g_vLen;                     // Offset:    8, size:    8
      float2  g_vOffset;                  // Offset:   16, size:    8
      int     IsAnim2D;                   // Offset:   24, size:    4
      int     padding2;                   // Offset:   28, size:    4
  }
  
  cbuffer LIGHT2D : register(b3)
  {
      tLight2DInfo g_Light2D[100];        // Offset:    0, size: 6400
      int     g_iLight2DCount;            // Offset: 6400, size:    4
      int3    padding3;                   // Offset: 6404, size:   12
  }
  
  cbuffer LIGHT3D : register(b4)
  {
      tLight3DInfo g_Light3D[100];        // Offset:    0, size: 9600
      int     g_iLight3DCount;            // Offset: 9600, size:    4
      int3    padding3DLight;             // Offset: 9604, size:   12
  }
  
  cbuffer GLOBAL : register(b5)
  {
      float2  g_vResolution;              // Offset:    0, size:    8
      float   g_fDT;                      // Offset:    8, size:    4
      float   g_fAccTime;                 // Offset:   12, size:    4
  }
  
  //
<<<<<<< HEAD
  // 16 local object(s)
=======
  // 14 local object(s)
>>>>>>> yjs
  //
  Texture2D g_tex_0;
  Texture2D g_tex_1;
  Texture2D g_tex_2;
  Texture2D g_tex_3;
  Texture2D g_tex_4;
  Texture2D g_tex_5;
  Texture2D g_tex_6;
<<<<<<< HEAD
  Texture2D g_tex_7;
  Texture2DArray g_arrtex_0;
  Texture2DArray g_arrtex_1;
  Texture2DArray g_arrtex_2;
  Texture2DArray g_arrtex_3;
=======
  StructuredBuffer g_arrFinalBoneMat;
  Texture2D g_tex_anim2D;
  SamplerState g_sam_0
  {
  };
  SamplerState g_sam_1
  {
  };
  StructuredBuffer g_arrFrameTrans;
  StructuredBuffer g_arrOffset;
  RWStructuredBuffer g_arrFinalMat;
  
FXC : warning X4717: Effects deprecated for D3DCompiler_47
  
  //
  // FX Version: fx_5_0
  //
  // 6 local buffer(s)
  //
  cbuffer TRANSFORM_MATRIX : register(b0)
  {
      float4x4 g_matWorld;                // Offset:    0, size:   64
      float4x4 g_matView;                 // Offset:   64, size:   64
      float4x4 g_matProj;                 // Offset:  128, size:   64
      float4x4 g_matWV;                   // Offset:  192, size:   64
      float4x4 g_matWVP;                  // Offset:  256, size:   64
      float4x4 g_matWorldInv;             // Offset:  320, size:   64
      float4x4 g_matViewInv;              // Offset:  384, size:   64
      float4x4 g_matProjInv;              // Offset:  448, size:   64
  }
  
  cbuffer MATERIAL_PARAM : register(b1)
  {
      float4  g_vDiff;                    // Offset:    0, size:   16
      float4  g_vSpec;                    // Offset:   16, size:   16
      float4  g_vEmv;                     // Offset:   32, size:   16
      int     g_int_0;                    // Offset:   48, size:    4
      int     g_int_1;                    // Offset:   52, size:    4
      int     g_int_2;                    // Offset:   56, size:    4
      int     g_int_3;                    // Offset:   60, size:    4
      float   g_float_0;                  // Offset:   64, size:    4
      float   g_float_1;                  // Offset:   68, size:    4
      float   g_float_2;                  // Offset:   72, size:    4
      float   g_float_3;                  // Offset:   76, size:    4
      float2  g_vec2_0;                   // Offset:   80, size:    8
      float2  g_vec2_1;                   // Offset:   88, size:    8
      float2  g_vec2_2;                   // Offset:   96, size:    8
      float2  g_vec2_3;                   // Offset:  104, size:    8
      float4  g_vec4_0;                   // Offset:  112, size:   16
      float4  g_vec4_1;                   // Offset:  128, size:   16
      float4  g_vec4_2;                   // Offset:  144, size:   16
      float4  g_vec4_3;                   // Offset:  160, size:   16
      float4x4 g_mat_0;                   // Offset:  176, size:   64
      float4x4 g_mat_1;                   // Offset:  240, size:   64
      float4x4 g_mat_2;                   // Offset:  304, size:   64
      float4x4 g_mat_3;                   // Offset:  368, size:   64
      int     tex_0;                      // Offset:  432, size:    4
      int     tex_1;                      // Offset:  436, size:    4
      int     tex_2;                      // Offset:  440, size:    4
      int     tex_3;                      // Offset:  444, size:    4
  }
  
  cbuffer ANIM2D : register(b2)
  {
      float2  g_vLT;                      // Offset:    0, size:    8
      float2  g_vLen;                     // Offset:    8, size:    8
      float2  g_vOffset;                  // Offset:   16, size:    8
      int     IsAnim2D;                   // Offset:   24, size:    4
      int     padding2;                   // Offset:   28, size:    4
  }
  
  cbuffer LIGHT2D : register(b3)
  {
      tLight2DInfo g_Light2D[100];        // Offset:    0, size: 6400
      int     g_iLight2DCount;            // Offset: 6400, size:    4
      int3    padding3;                   // Offset: 6404, size:   12
  }
  
  cbuffer LIGHT3D : register(b4)
  {
      tLight3DInfo g_Light3D[100];        // Offset:    0, size: 9600
      int     g_iLight3DCount;            // Offset: 9600, size:    4
      int3    padding3DLight;             // Offset: 9604, size:   12
  }
  
  cbuffer GLOBAL : register(b5)
  {
      float2  g_vResolution;              // Offset:    0, size:    8
      float   g_fDT;                      // Offset:    8, size:    4
      float   g_fAccTime;                 // Offset:   12, size:    4
  }
  
  //
  // 12 local object(s)
  //
  Texture2D g_tex_0;
  Texture2D g_tex_1;
  Texture2D g_tex_2;
  Texture2D g_tex_3;
  Texture2D g_tex_4;
  Texture2D g_tex_5;
  Texture2D g_tex_6;
  StructuredBuffer g_arrFinalBoneMat;
>>>>>>> yjs
  Texture2D g_tex_anim2D;
  SamplerState g_sam_0
  {
  };
  SamplerState g_sam_1
  {
  };
  RWTexture2D g_rwtex_0;
  
FXC : warning X4717: Effects deprecated for D3DCompiler_47
  
  //
  // FX Version: fx_5_0
  //
  // 6 local buffer(s)
  //
  cbuffer TRANSFORM_MATRIX : register(b0)
  {
      float4x4 g_matWorld;                // Offset:    0, size:   64
      float4x4 g_matView;                 // Offset:   64, size:   64
      float4x4 g_matProj;                 // Offset:  128, size:   64
      float4x4 g_matWV;                   // Offset:  192, size:   64
      float4x4 g_matWVP;                  // Offset:  256, size:   64
      float4x4 g_matWorldInv;             // Offset:  320, size:   64
      float4x4 g_matViewInv;              // Offset:  384, size:   64
      float4x4 g_matProjInv;              // Offset:  448, size:   64
  }
  
  cbuffer MATERIAL_PARAM : register(b1)
  {
      float4  g_vDiff;                    // Offset:    0, size:   16
      float4  g_vSpec;                    // Offset:   16, size:   16
      float4  g_vEmv;                     // Offset:   32, size:   16
      int     g_int_0;                    // Offset:   48, size:    4
      int     g_int_1;                    // Offset:   52, size:    4
      int     g_int_2;                    // Offset:   56, size:    4
      int     g_int_3;                    // Offset:   60, size:    4
      float   g_float_0;                  // Offset:   64, size:    4
      float   g_float_1;                  // Offset:   68, size:    4
      float   g_float_2;                  // Offset:   72, size:    4
      float   g_float_3;                  // Offset:   76, size:    4
      float2  g_vec2_0;                   // Offset:   80, size:    8
      float2  g_vec2_1;                   // Offset:   88, size:    8
      float2  g_vec2_2;                   // Offset:   96, size:    8
      float2  g_vec2_3;                   // Offset:  104, size:    8
      float4  g_vec4_0;                   // Offset:  112, size:   16
      float4  g_vec4_1;                   // Offset:  128, size:   16
      float4  g_vec4_2;                   // Offset:  144, size:   16
      float4  g_vec4_3;                   // Offset:  160, size:   16
      float4x4 g_mat_0;                   // Offset:  176, size:   64
      float4x4 g_mat_1;                   // Offset:  240, size:   64
      float4x4 g_mat_2;                   // Offset:  304, size:   64
      float4x4 g_mat_3;                   // Offset:  368, size:   64
      int     tex_0;                      // Offset:  432, size:    4
      int     tex_1;                      // Offset:  436, size:    4
      int     tex_2;                      // Offset:  440, size:    4
      int     tex_3;                      // Offset:  444, size:    4
  }
  
  cbuffer ANIM2D : register(b2)
  {
      float2  g_vLT;                      // Offset:    0, size:    8
      float2  g_vLen;                     // Offset:    8, size:    8
      float2  g_vOffset;                  // Offset:   16, size:    8
      int     IsAnim2D;                   // Offset:   24, size:    4
      int     padding2;                   // Offset:   28, size:    4
  }
  
  cbuffer LIGHT2D : register(b3)
  {
      tLight2DInfo g_Light2D[100];        // Offset:    0, size: 6400
      int     g_iLight2DCount;            // Offset: 6400, size:    4
      int3    padding3;                   // Offset: 6404, size:   12
  }
  
  cbuffer LIGHT3D : register(b4)
  {
      tLight3DInfo g_Light3D[100];        // Offset:    0, size: 9600
      int     g_iLight3DCount;            // Offset: 9600, size:    4
      int3    padding3DLight;             // Offset: 9604, size:   12
  }
  
  cbuffer GLOBAL : register(b5)
  {
      float2  g_vResolution;              // Offset:    0, size:    8
      float   g_fDT;                      // Offset:    8, size:    4
      float   g_fAccTime;                 // Offset:   12, size:    4
  }
  
  //
<<<<<<< HEAD
  // 15 local object(s)
=======
  // 11 local object(s)
>>>>>>> yjs
  //
  Texture2D g_tex_0;
  Texture2D g_tex_1;
  Texture2D g_tex_2;
  Texture2D g_tex_3;
  Texture2D g_tex_4;
  Texture2D g_tex_5;
  Texture2D g_tex_6;
<<<<<<< HEAD
  Texture2D g_tex_7;
  Texture2DArray g_arrtex_0;
  Texture2DArray g_arrtex_1;
  Texture2DArray g_arrtex_2;
  Texture2DArray g_arrtex_3;
=======
  StructuredBuffer g_arrFinalBoneMat;
>>>>>>> yjs
  Texture2D g_tex_anim2D;
  SamplerState g_sam_0
  {
  };
  SamplerState g_sam_1
  {
  };
  
FXC : warning X4717: Effects deprecated for D3DCompiler_47
  
  //
  // FX Version: fx_5_0
  //
  // 6 local buffer(s)
  //
  cbuffer TRANSFORM_MATRIX : register(b0)
  {
      float4x4 g_matWorld;                // Offset:    0, size:   64
      float4x4 g_matView;                 // Offset:   64, size:   64
      float4x4 g_matProj;                 // Offset:  128, size:   64
      float4x4 g_matWV;                   // Offset:  192, size:   64
      float4x4 g_matWVP;                  // Offset:  256, size:   64
      float4x4 g_matWorldInv;             // Offset:  320, size:   64
      float4x4 g_matViewInv;              // Offset:  384, size:   64
      float4x4 g_matProjInv;              // Offset:  448, size:   64
  }
  
  cbuffer MATERIAL_PARAM : register(b1)
  {
      float4  g_vDiff;                    // Offset:    0, size:   16
      float4  g_vSpec;                    // Offset:   16, size:   16
      float4  g_vEmv;                     // Offset:   32, size:   16
      int     g_int_0;                    // Offset:   48, size:    4
      int     g_int_1;                    // Offset:   52, size:    4
      int     g_int_2;                    // Offset:   56, size:    4
      int     g_int_3;                    // Offset:   60, size:    4
      float   g_float_0;                  // Offset:   64, size:    4
      float   g_float_1;                  // Offset:   68, size:    4
      float   g_float_2;                  // Offset:   72, size:    4
      float   g_float_3;                  // Offset:   76, size:    4
      float2  g_vec2_0;                   // Offset:   80, size:    8
      float2  g_vec2_1;                   // Offset:   88, size:    8
      float2  g_vec2_2;                   // Offset:   96, size:    8
      float2  g_vec2_3;                   // Offset:  104, size:    8
      float4  g_vec4_0;                   // Offset:  112, size:   16
      float4  g_vec4_1;                   // Offset:  128, size:   16
      float4  g_vec4_2;                   // Offset:  144, size:   16
      float4  g_vec4_3;                   // Offset:  160, size:   16
      float4x4 g_mat_0;                   // Offset:  176, size:   64
      float4x4 g_mat_1;                   // Offset:  240, size:   64
      float4x4 g_mat_2;                   // Offset:  304, size:   64
      float4x4 g_mat_3;                   // Offset:  368, size:   64
      int     tex_0;                      // Offset:  432, size:    4
      int     tex_1;                      // Offset:  436, size:    4
      int     tex_2;                      // Offset:  440, size:    4
      int     tex_3;                      // Offset:  444, size:    4
  }
  
  cbuffer ANIM2D : register(b2)
  {
      float2  g_vLT;                      // Offset:    0, size:    8
      float2  g_vLen;                     // Offset:    8, size:    8
      float2  g_vOffset;                  // Offset:   16, size:    8
      int     IsAnim2D;                   // Offset:   24, size:    4
      int     padding2;                   // Offset:   28, size:    4
  }
  
  cbuffer LIGHT2D : register(b3)
  {
      tLight2DInfo g_Light2D[100];        // Offset:    0, size: 6400
      int     g_iLight2DCount;            // Offset: 6400, size:    4
      int3    padding3;                   // Offset: 6404, size:   12
  }
  
  cbuffer LIGHT3D : register(b4)
  {
      tLight3DInfo g_Light3D[100];        // Offset:    0, size: 9600
      int     g_iLight3DCount;            // Offset: 9600, size:    4
      int3    padding3DLight;             // Offset: 9604, size:   12
  }
  
  cbuffer GLOBAL : register(b5)
  {
      float2  g_vResolution;              // Offset:    0, size:    8
      float   g_fDT;                      // Offset:    8, size:    4
      float   g_fAccTime;                 // Offset:   12, size:    4
  }
  
  //
<<<<<<< HEAD
  // 15 local object(s)
=======
  // 11 local object(s)
>>>>>>> yjs
  //
  Texture2D g_tex_0;
  Texture2D g_tex_1;
  Texture2D g_tex_2;
  Texture2D g_tex_3;
  Texture2D g_tex_4;
  Texture2D g_tex_5;
  Texture2D g_tex_6;
<<<<<<< HEAD
  Texture2D g_tex_7;
  Texture2DArray g_arrtex_0;
  Texture2DArray g_arrtex_1;
  Texture2DArray g_arrtex_2;
  Texture2DArray g_arrtex_3;
=======
  StructuredBuffer g_arrFinalBoneMat;
>>>>>>> yjs
  Texture2D g_tex_anim2D;
  SamplerState g_sam_0
  {
  };
  SamplerState g_sam_1
  {
  };
  
FXC : warning X4717: Effects deprecated for D3DCompiler_47
<<<<<<< HEAD
C:\Users\SuperHong\source\repos\GitHub\Graduation_Project\Graduation_Project\zombie\01. Project\Engine\particle.fx(215,20-38): warning X3206: implicit truncation of vector type
=======
>>>>>>> yjs
  
  //
  // FX Version: fx_5_0
  //
  // 6 local buffer(s)
  //
  cbuffer TRANSFORM_MATRIX : register(b0)
  {
      float4x4 g_matWorld;                // Offset:    0, size:   64
      float4x4 g_matView;                 // Offset:   64, size:   64
      float4x4 g_matProj;                 // Offset:  128, size:   64
      float4x4 g_matWV;                   // Offset:  192, size:   64
      float4x4 g_matWVP;                  // Offset:  256, size:   64
      float4x4 g_matWorldInv;             // Offset:  320, size:   64
      float4x4 g_matViewInv;              // Offset:  384, size:   64
      float4x4 g_matProjInv;              // Offset:  448, size:   64
  }
  
  cbuffer MATERIAL_PARAM : register(b1)
  {
      float4  g_vDiff;                    // Offset:    0, size:   16
      float4  g_vSpec;                    // Offset:   16, size:   16
      float4  g_vEmv;                     // Offset:   32, size:   16
      int     g_int_0;                    // Offset:   48, size:    4
      int     g_int_1;                    // Offset:   52, size:    4
      int     g_int_2;                    // Offset:   56, size:    4
      int     g_int_3;                    // Offset:   60, size:    4
      float   g_float_0;                  // Offset:   64, size:    4
      float   g_float_1;                  // Offset:   68, size:    4
      float   g_float_2;                  // Offset:   72, size:    4
      float   g_float_3;                  // Offset:   76, size:    4
      float2  g_vec2_0;                   // Offset:   80, size:    8
      float2  g_vec2_1;                   // Offset:   88, size:    8
      float2  g_vec2_2;                   // Offset:   96, size:    8
      float2  g_vec2_3;                   // Offset:  104, size:    8
      float4  g_vec4_0;                   // Offset:  112, size:   16
      float4  g_vec4_1;                   // Offset:  128, size:   16
      float4  g_vec4_2;                   // Offset:  144, size:   16
      float4  g_vec4_3;                   // Offset:  160, size:   16
      float4x4 g_mat_0;                   // Offset:  176, size:   64
      float4x4 g_mat_1;                   // Offset:  240, size:   64
      float4x4 g_mat_2;                   // Offset:  304, size:   64
      float4x4 g_mat_3;                   // Offset:  368, size:   64
      int     tex_0;                      // Offset:  432, size:    4
      int     tex_1;                      // Offset:  436, size:    4
      int     tex_2;                      // Offset:  440, size:    4
      int     tex_3;                      // Offset:  444, size:    4
  }
  
  cbuffer ANIM2D : register(b2)
  {
      float2  g_vLT;                      // Offset:    0, size:    8
      float2  g_vLen;                     // Offset:    8, size:    8
      float2  g_vOffset;                  // Offset:   16, size:    8
      int     IsAnim2D;                   // Offset:   24, size:    4
      int     padding2;                   // Offset:   28, size:    4
  }
  
  cbuffer LIGHT2D : register(b3)
  {
      tLight2DInfo g_Light2D[100];        // Offset:    0, size: 6400
      int     g_iLight2DCount;            // Offset: 6400, size:    4
      int3    padding3;                   // Offset: 6404, size:   12
  }
  
  cbuffer LIGHT3D : register(b4)
  {
      tLight3DInfo g_Light3D[100];        // Offset:    0, size: 9600
      int     g_iLight3DCount;            // Offset: 9600, size:    4
      int3    padding3DLight;             // Offset: 9604, size:   12
  }
  
  cbuffer GLOBAL : register(b5)
  {
      float2  g_vResolution;              // Offset:    0, size:    8
      float   g_fDT;                      // Offset:    8, size:    4
      float   g_fAccTime;                 // Offset:   12, size:    4
  }
  
  //
<<<<<<< HEAD
  // 18 local object(s)
=======
  // 14 local object(s)
>>>>>>> yjs
  //
  Texture2D g_tex_0;
  Texture2D g_tex_1;
  Texture2D g_tex_2;
  Texture2D g_tex_3;
  Texture2D g_tex_4;
  Texture2D g_tex_5;
  Texture2D g_tex_6;
<<<<<<< HEAD
  Texture2D g_tex_7;
  Texture2DArray g_arrtex_0;
  Texture2DArray g_arrtex_1;
  Texture2DArray g_arrtex_2;
  Texture2DArray g_arrtex_3;
=======
  StructuredBuffer g_arrFinalBoneMat;
>>>>>>> yjs
  Texture2D g_tex_anim2D;
  SamplerState g_sam_0
  {
  };
  SamplerState g_sam_1
  {
  };
  StructuredBuffer tData;
  RWStructuredBuffer tRWData;
  RWStructuredBuffer tRWSharedData;
  
FXC : warning X4717: Effects deprecated for D3DCompiler_47
  
<<<<<<< HEAD
=======
  compilation object save succeeded; see C:\Users\JeeHun\Desktop\JeeHun\DX12\DX12_2th\10th\DX12_10th_3(Shadow)\03. External\Library\Engine\posteffect.cso
FXC : warning X4717: Effects deprecated for D3DCompiler_47
  
>>>>>>> yjs
  //
  // FX Version: fx_5_0
  //
  // 6 local buffer(s)
  //
  cbuffer TRANSFORM_MATRIX : register(b0)
  {
      float4x4 g_matWorld;                // Offset:    0, size:   64
      float4x4 g_matView;                 // Offset:   64, size:   64
      float4x4 g_matProj;                 // Offset:  128, size:   64
      float4x4 g_matWV;                   // Offset:  192, size:   64
      float4x4 g_matWVP;                  // Offset:  256, size:   64
      float4x4 g_matWorldInv;             // Offset:  320, size:   64
      float4x4 g_matViewInv;              // Offset:  384, size:   64
      float4x4 g_matProjInv;              // Offset:  448, size:   64
  }
  
  cbuffer MATERIAL_PARAM : register(b1)
  {
      float4  g_vDiff;                    // Offset:    0, size:   16
      float4  g_vSpec;                    // Offset:   16, size:   16
      float4  g_vEmv;                     // Offset:   32, size:   16
      int     g_int_0;                    // Offset:   48, size:    4
      int     g_int_1;                    // Offset:   52, size:    4
      int     g_int_2;                    // Offset:   56, size:    4
      int     g_int_3;                    // Offset:   60, size:    4
      float   g_float_0;                  // Offset:   64, size:    4
      float   g_float_1;                  // Offset:   68, size:    4
      float   g_float_2;                  // Offset:   72, size:    4
      float   g_float_3;                  // Offset:   76, size:    4
      float2  g_vec2_0;                   // Offset:   80, size:    8
      float2  g_vec2_1;                   // Offset:   88, size:    8
      float2  g_vec2_2;                   // Offset:   96, size:    8
      float2  g_vec2_3;                   // Offset:  104, size:    8
      float4  g_vec4_0;                   // Offset:  112, size:   16
      float4  g_vec4_1;                   // Offset:  128, size:   16
      float4  g_vec4_2;                   // Offset:  144, size:   16
      float4  g_vec4_3;                   // Offset:  160, size:   16
      float4x4 g_mat_0;                   // Offset:  176, size:   64
      float4x4 g_mat_1;                   // Offset:  240, size:   64
      float4x4 g_mat_2;                   // Offset:  304, size:   64
      float4x4 g_mat_3;                   // Offset:  368, size:   64
      int     tex_0;                      // Offset:  432, size:    4
      int     tex_1;                      // Offset:  436, size:    4
      int     tex_2;                      // Offset:  440, size:    4
      int     tex_3;                      // Offset:  444, size:    4
  }
  
  cbuffer ANIM2D : register(b2)
  {
      float2  g_vLT;                      // Offset:    0, size:    8
      float2  g_vLen;                     // Offset:    8, size:    8
      float2  g_vOffset;                  // Offset:   16, size:    8
      int     IsAnim2D;                   // Offset:   24, size:    4
      int     padding2;                   // Offset:   28, size:    4
  }
  
  cbuffer LIGHT2D : register(b3)
  {
      tLight2DInfo g_Light2D[100];        // Offset:    0, size: 6400
      int     g_iLight2DCount;            // Offset: 6400, size:    4
      int3    padding3;                   // Offset: 6404, size:   12
  }
  
  cbuffer LIGHT3D : register(b4)
  {
      tLight3DInfo g_Light3D[100];        // Offset:    0, size: 9600
      int     g_iLight3DCount;            // Offset: 9600, size:    4
      int3    padding3DLight;             // Offset: 9604, size:   12
  }
  
  cbuffer GLOBAL : register(b5)
  {
      float2  g_vResolution;              // Offset:    0, size:    8
      float   g_fDT;                      // Offset:    8, size:    4
      float   g_fAccTime;                 // Offset:   12, size:    4
  }
  
  //
<<<<<<< HEAD
  // 15 local object(s)
=======
  // 11 local object(s)
>>>>>>> yjs
  //
  Texture2D g_tex_0;
  Texture2D g_tex_1;
  Texture2D g_tex_2;
  Texture2D g_tex_3;
  Texture2D g_tex_4;
  Texture2D g_tex_5;
  Texture2D g_tex_6;
<<<<<<< HEAD
  Texture2D g_tex_7;
  Texture2DArray g_arrtex_0;
  Texture2DArray g_arrtex_1;
  Texture2DArray g_arrtex_2;
  Texture2DArray g_arrtex_3;
=======
  StructuredBuffer g_arrFinalBoneMat;
>>>>>>> yjs
  Texture2D g_tex_anim2D;
  SamplerState g_sam_0
  {
  };
  SamplerState g_sam_1
  {
  };
  
FXC : warning X4717: Effects deprecated for D3DCompiler_47
  
  //
  // FX Version: fx_5_0
  //
  // 6 local buffer(s)
  //
  cbuffer TRANSFORM_MATRIX : register(b0)
  {
      float4x4 g_matWorld;                // Offset:    0, size:   64
      float4x4 g_matView;                 // Offset:   64, size:   64
      float4x4 g_matProj;                 // Offset:  128, size:   64
      float4x4 g_matWV;                   // Offset:  192, size:   64
      float4x4 g_matWVP;                  // Offset:  256, size:   64
      float4x4 g_matWorldInv;             // Offset:  320, size:   64
      float4x4 g_matViewInv;              // Offset:  384, size:   64
      float4x4 g_matProjInv;              // Offset:  448, size:   64
  }
  
  cbuffer MATERIAL_PARAM : register(b1)
  {
      float4  g_vDiff;                    // Offset:    0, size:   16
      float4  g_vSpec;                    // Offset:   16, size:   16
      float4  g_vEmv;                     // Offset:   32, size:   16
      int     g_int_0;                    // Offset:   48, size:    4
      int     g_int_1;                    // Offset:   52, size:    4
      int     g_int_2;                    // Offset:   56, size:    4
      int     g_int_3;                    // Offset:   60, size:    4
      float   g_float_0;                  // Offset:   64, size:    4
      float   g_float_1;                  // Offset:   68, size:    4
      float   g_float_2;                  // Offset:   72, size:    4
      float   g_float_3;                  // Offset:   76, size:    4
      float2  g_vec2_0;                   // Offset:   80, size:    8
      float2  g_vec2_1;                   // Offset:   88, size:    8
      float2  g_vec2_2;                   // Offset:   96, size:    8
      float2  g_vec2_3;                   // Offset:  104, size:    8
      float4  g_vec4_0;                   // Offset:  112, size:   16
      float4  g_vec4_1;                   // Offset:  128, size:   16
      float4  g_vec4_2;                   // Offset:  144, size:   16
      float4  g_vec4_3;                   // Offset:  160, size:   16
      float4x4 g_mat_0;                   // Offset:  176, size:   64
      float4x4 g_mat_1;                   // Offset:  240, size:   64
      float4x4 g_mat_2;                   // Offset:  304, size:   64
      float4x4 g_mat_3;                   // Offset:  368, size:   64
      int     tex_0;                      // Offset:  432, size:    4
      int     tex_1;                      // Offset:  436, size:    4
      int     tex_2;                      // Offset:  440, size:    4
      int     tex_3;                      // Offset:  444, size:    4
  }
  
  cbuffer ANIM2D : register(b2)
  {
      float2  g_vLT;                      // Offset:    0, size:    8
      float2  g_vLen;                     // Offset:    8, size:    8
      float2  g_vOffset;                  // Offset:   16, size:    8
      int     IsAnim2D;                   // Offset:   24, size:    4
      int     padding2;                   // Offset:   28, size:    4
  }
  
  cbuffer LIGHT2D : register(b3)
  {
      tLight2DInfo g_Light2D[100];        // Offset:    0, size: 6400
      int     g_iLight2DCount;            // Offset: 6400, size:    4
      int3    padding3;                   // Offset: 6404, size:   12
  }
  
  cbuffer LIGHT3D : register(b4)
  {
      tLight3DInfo g_Light3D[100];        // Offset:    0, size: 9600
      int     g_iLight3DCount;            // Offset: 9600, size:    4
      int3    padding3DLight;             // Offset: 9604, size:   12
  }
  
  cbuffer GLOBAL : register(b5)
  {
      float2  g_vResolution;              // Offset:    0, size:    8
      float   g_fDT;                      // Offset:    8, size:    4
      float   g_fAccTime;                 // Offset:   12, size:    4
  }
  
  //
<<<<<<< HEAD
  // 15 local object(s)
=======
  // 11 local object(s)
>>>>>>> yjs
  //
  Texture2D g_tex_0;
  Texture2D g_tex_1;
  Texture2D g_tex_2;
  Texture2D g_tex_3;
  Texture2D g_tex_4;
  Texture2D g_tex_5;
  Texture2D g_tex_6;
<<<<<<< HEAD
  Texture2D g_tex_7;
  Texture2DArray g_arrtex_0;
  Texture2DArray g_arrtex_1;
  Texture2DArray g_arrtex_2;
  Texture2DArray g_arrtex_3;
=======
  StructuredBuffer g_arrFinalBoneMat;
>>>>>>> yjs
  Texture2D g_tex_anim2D;
  SamplerState g_sam_0
  {
  };
  SamplerState g_sam_1
  {
  };
  
FXC : warning X4717: Effects deprecated for D3DCompiler_47
  
  //
  // FX Version: fx_5_0
  //
  // 6 local buffer(s)
  //
  cbuffer TRANSFORM_MATRIX : register(b0)
  {
      float4x4 g_matWorld;                // Offset:    0, size:   64
      float4x4 g_matView;                 // Offset:   64, size:   64
      float4x4 g_matProj;                 // Offset:  128, size:   64
      float4x4 g_matWV;                   // Offset:  192, size:   64
      float4x4 g_matWVP;                  // Offset:  256, size:   64
      float4x4 g_matWorldInv;             // Offset:  320, size:   64
      float4x4 g_matViewInv;              // Offset:  384, size:   64
      float4x4 g_matProjInv;              // Offset:  448, size:   64
  }
  
  cbuffer MATERIAL_PARAM : register(b1)
  {
      float4  g_vDiff;                    // Offset:    0, size:   16
      float4  g_vSpec;                    // Offset:   16, size:   16
      float4  g_vEmv;                     // Offset:   32, size:   16
      int     g_int_0;                    // Offset:   48, size:    4
      int     g_int_1;                    // Offset:   52, size:    4
      int     g_int_2;                    // Offset:   56, size:    4
      int     g_int_3;                    // Offset:   60, size:    4
      float   g_float_0;                  // Offset:   64, size:    4
      float   g_float_1;                  // Offset:   68, size:    4
      float   g_float_2;                  // Offset:   72, size:    4
      float   g_float_3;                  // Offset:   76, size:    4
      float2  g_vec2_0;                   // Offset:   80, size:    8
      float2  g_vec2_1;                   // Offset:   88, size:    8
      float2  g_vec2_2;                   // Offset:   96, size:    8
      float2  g_vec2_3;                   // Offset:  104, size:    8
      float4  g_vec4_0;                   // Offset:  112, size:   16
      float4  g_vec4_1;                   // Offset:  128, size:   16
      float4  g_vec4_2;                   // Offset:  144, size:   16
      float4  g_vec4_3;                   // Offset:  160, size:   16
      float4x4 g_mat_0;                   // Offset:  176, size:   64
      float4x4 g_mat_1;                   // Offset:  240, size:   64
      float4x4 g_mat_2;                   // Offset:  304, size:   64
      float4x4 g_mat_3;                   // Offset:  368, size:   64
      int     tex_0;                      // Offset:  432, size:    4
      int     tex_1;                      // Offset:  436, size:    4
      int     tex_2;                      // Offset:  440, size:    4
      int     tex_3;                      // Offset:  444, size:    4
  }
  
  cbuffer ANIM2D : register(b2)
  {
      float2  g_vLT;                      // Offset:    0, size:    8
      float2  g_vLen;                     // Offset:    8, size:    8
      float2  g_vOffset;                  // Offset:   16, size:    8
      int     IsAnim2D;                   // Offset:   24, size:    4
      int     padding2;                   // Offset:   28, size:    4
  }
  
  cbuffer LIGHT2D : register(b3)
  {
      tLight2DInfo g_Light2D[100];        // Offset:    0, size: 6400
      int     g_iLight2DCount;            // Offset: 6400, size:    4
      int3    padding3;                   // Offset: 6404, size:   12
  }
  
  cbuffer LIGHT3D : register(b4)
  {
      tLight3DInfo g_Light3D[100];        // Offset:    0, size: 9600
      int     g_iLight3DCount;            // Offset: 9600, size:    4
      int3    padding3DLight;             // Offset: 9604, size:   12
  }
  
  cbuffer GLOBAL : register(b5)
  {
      float2  g_vResolution;              // Offset:    0, size:    8
      float   g_fDT;                      // Offset:    8, size:    4
      float   g_fAccTime;                 // Offset:   12, size:    4
  }
  
  //
<<<<<<< HEAD
  // 15 local object(s)
=======
  // 11 local object(s)
>>>>>>> yjs
  //
  Texture2D g_tex_0;
  Texture2D g_tex_1;
  Texture2D g_tex_2;
  Texture2D g_tex_3;
  Texture2D g_tex_4;
  Texture2D g_tex_5;
  Texture2D g_tex_6;
<<<<<<< HEAD
  Texture2D g_tex_7;
  Texture2DArray g_arrtex_0;
  Texture2DArray g_arrtex_1;
  Texture2DArray g_arrtex_2;
  Texture2DArray g_arrtex_3;
=======
  StructuredBuffer g_arrFinalBoneMat;
>>>>>>> yjs
  Texture2D g_tex_anim2D;
  SamplerState g_sam_0
  {
  };
  SamplerState g_sam_1
  {
  };
  
FXC : warning X4717: Effects deprecated for D3DCompiler_47
  
  //
  // FX Version: fx_5_0
  //
  // 6 local buffer(s)
  //
  cbuffer TRANSFORM_MATRIX : register(b0)
  {
      float4x4 g_matWorld;                // Offset:    0, size:   64
      float4x4 g_matView;                 // Offset:   64, size:   64
      float4x4 g_matProj;                 // Offset:  128, size:   64
      float4x4 g_matWV;                   // Offset:  192, size:   64
      float4x4 g_matWVP;                  // Offset:  256, size:   64
      float4x4 g_matWorldInv;             // Offset:  320, size:   64
      float4x4 g_matViewInv;              // Offset:  384, size:   64
      float4x4 g_matProjInv;              // Offset:  448, size:   64
  }
  
  cbuffer MATERIAL_PARAM : register(b1)
  {
      float4  g_vDiff;                    // Offset:    0, size:   16
      float4  g_vSpec;                    // Offset:   16, size:   16
      float4  g_vEmv;                     // Offset:   32, size:   16
      int     g_int_0;                    // Offset:   48, size:    4
      int     g_int_1;                    // Offset:   52, size:    4
      int     g_int_2;                    // Offset:   56, size:    4
      int     g_int_3;                    // Offset:   60, size:    4
      float   g_float_0;                  // Offset:   64, size:    4
      float   g_float_1;                  // Offset:   68, size:    4
      float   g_float_2;                  // Offset:   72, size:    4
      float   g_float_3;                  // Offset:   76, size:    4
      float2  g_vec2_0;                   // Offset:   80, size:    8
      float2  g_vec2_1;                   // Offset:   88, size:    8
      float2  g_vec2_2;                   // Offset:   96, size:    8
      float2  g_vec2_3;                   // Offset:  104, size:    8
      float4  g_vec4_0;                   // Offset:  112, size:   16
      float4  g_vec4_1;                   // Offset:  128, size:   16
      float4  g_vec4_2;                   // Offset:  144, size:   16
      float4  g_vec4_3;                   // Offset:  160, size:   16
      float4x4 g_mat_0;                   // Offset:  176, size:   64
      float4x4 g_mat_1;                   // Offset:  240, size:   64
      float4x4 g_mat_2;                   // Offset:  304, size:   64
      float4x4 g_mat_3;                   // Offset:  368, size:   64
      int     tex_0;                      // Offset:  432, size:    4
      int     tex_1;                      // Offset:  436, size:    4
      int     tex_2;                      // Offset:  440, size:    4
      int     tex_3;                      // Offset:  444, size:    4
  }
  
  cbuffer ANIM2D : register(b2)
  {
      float2  g_vLT;                      // Offset:    0, size:    8
      float2  g_vLen;                     // Offset:    8, size:    8
      float2  g_vOffset;                  // Offset:   16, size:    8
      int     IsAnim2D;                   // Offset:   24, size:    4
      int     padding2;                   // Offset:   28, size:    4
  }
  
  cbuffer LIGHT2D : register(b3)
  {
      tLight2DInfo g_Light2D[100];        // Offset:    0, size: 6400
      int     g_iLight2DCount;            // Offset: 6400, size:    4
      int3    padding3;                   // Offset: 6404, size:   12
  }
  
  cbuffer LIGHT3D : register(b4)
  {
      tLight3DInfo g_Light3D[100];        // Offset:    0, size: 9600
      int     g_iLight3DCount;            // Offset: 9600, size:    4
      int3    padding3DLight;             // Offset: 9604, size:   12
  }
  
  cbuffer GLOBAL : register(b5)
  {
      float2  g_vResolution;              // Offset:    0, size:    8
      float   g_fDT;                      // Offset:    8, size:    4
      float   g_fAccTime;                 // Offset:   12, size:    4
  }
  
  //
<<<<<<< HEAD
  // 15 local object(s)
=======
  // 11 local object(s)
>>>>>>> yjs
  //
  Texture2D g_tex_0;
  Texture2D g_tex_1;
  Texture2D g_tex_2;
  Texture2D g_tex_3;
  Texture2D g_tex_4;
  Texture2D g_tex_5;
  Texture2D g_tex_6;
<<<<<<< HEAD
  Texture2D g_tex_7;
  Texture2DArray g_arrtex_0;
  Texture2DArray g_arrtex_1;
  Texture2DArray g_arrtex_2;
  Texture2DArray g_arrtex_3;
=======
  StructuredBuffer g_arrFinalBoneMat;
>>>>>>> yjs
  Texture2D g_tex_anim2D;
  SamplerState g_sam_0
  {
  };
  SamplerState g_sam_1
  {
  };
  
  stdafx.cpp
  Animation2D.cpp
  Animator2D.cpp
  Animator3D.cpp
<<<<<<< HEAD
  BehaviourTree.cpp
=======
>>>>>>> yjs
  BulletScript.cpp
  Camera.cpp
  Collider2D.cpp
  CollisionMgr.cpp
  Component.cpp
  ConstantBuffer.cpp
  Core.cpp
  desc.cpp
  Device.cpp
  Entity.cpp
  EventMgr.cpp
  FBXLoader.cpp
<<<<<<< HEAD
C:\Users\SuperHong\source\repos\GitHub\Graduation_Project\Graduation_Project\zombie\01. Project\Engine\FBXLoader.cpp(361,100): warning C4244: '인수': 'fbxsdk::FbxDouble'에서 'float'(으)로 변환하면서 데이터가 손실될 수 있습니다.
C:\Users\SuperHong\source\repos\GitHub\Graduation_Project\Graduation_Project\zombie\01. Project\Engine\FBXLoader.cpp(361,89): warning C4244: '인수': 'T'에서 'float'(으)로 변환하면서 데이터가 손실될 수 있습니다.
          with
          [
              T=fbxsdk::FbxDouble
          ]
C:\Users\SuperHong\source\repos\GitHub\Graduation_Project\Graduation_Project\zombie\01. Project\Engine\FBXLoader.cpp(361,63): warning C4244: '인수': 'T'에서 'float'(으)로 변환하면서 데이터가 손실될 수 있습니다.
          with
          [
              T=fbxsdk::FbxDouble
          ]
C:\Users\SuperHong\source\repos\GitHub\Graduation_Project\Graduation_Project\zombie\01. Project\Engine\FBXLoader.cpp(361,37): warning C4244: '인수': 'T'에서 'float'(으)로 변환하면서 데이터가 손실될 수 있습니다.
          with
          [
              T=fbxsdk::FbxDouble
          ]
C:\Program Files (x86)\Microsoft Visual Studio\2019\Community\VC\Tools\MSVC\14.28.29333\include\xstring(2468,23): warning C4244: '인수': 'const wchar_t'에서 'const _Elem'(으)로 변환하면서 데이터가 손실될 수 있습니다.
          with
          [
              _Elem=char
          ]
C:\Program Files (x86)\Microsoft Visual Studio\2019\Community\VC\Tools\MSVC\14.28.29333\include\xstring(2479): message : 컴파일되는 함수 템플릿 인스턴스화 'void std::basic_string<char,std::char_traits<char>,std::allocator<char>>::_Construct<const wchar_t*>(_Iter,const _Iter,std::input_iterator_tag)'에 대한 참조를 확인하세요.
          with
          [
              _Iter=const wchar_t *
          ]
C:\Program Files (x86)\Microsoft Visual Studio\2019\Community\VC\Tools\MSVC\14.28.29333\include\xstring(2479): message : 컴파일되는 함수 템플릿 인스턴스화 'void std::basic_string<char,std::char_traits<char>,std::allocator<char>>::_Construct<const wchar_t*>(_Iter,const _Iter,std::input_iterator_tag)'에 대한 참조를 확인하세요.
          with
          [
              _Iter=const wchar_t *
          ]
C:\Program Files (x86)\Microsoft Visual Studio\2019\Community\VC\Tools\MSVC\14.28.29333\include\xstring(2459): message : 컴파일되는 함수 템플릿 인스턴스화 'void std::basic_string<char,std::char_traits<char>,std::allocator<char>>::_Construct<const wchar_t*>(const _Iter,const _Iter,std::forward_iterator_tag)'에 대한 참조를 확인하세요.
          with
          [
              _Iter=const wchar_t *
          ]
C:\Program Files (x86)\Microsoft Visual Studio\2019\Community\VC\Tools\MSVC\14.28.29333\include\xstring(2459): message : 컴파일되는 함수 템플릿 인스턴스화 'void std::basic_string<char,std::char_traits<char>,std::allocator<char>>::_Construct<const wchar_t*>(const _Iter,const _Iter,std::forward_iterator_tag)'에 대한 참조를 확인하세요.
          with
          [
              _Iter=const wchar_t *
          ]
C:\Users\SuperHong\source\repos\GitHub\Graduation_Project\Graduation_Project\zombie\01. Project\Engine\FBXLoader.cpp(59): message : 컴파일되는 함수 템플릿 인스턴스화 'std::basic_string<char,std::char_traits<char>,std::allocator<char>>::basic_string<std::_String_const_iterator<std::_String_val<std::_Simple_types<_Elem>>>,0>(_Iter,_Iter,const _Alloc &)'에 대한 참조를 확인하세요.
          with
          [
              _Elem=wchar_t,
              _Iter=std::_String_const_iterator<std::_String_val<std::_Simple_types<wchar_t>>>,
              _Alloc=std::allocator<char>
          ]
C:\Users\SuperHong\source\repos\GitHub\Graduation_Project\Graduation_Project\zombie\01. Project\Engine\FBXLoader.cpp(59): message : 컴파일되는 함수 템플릿 인스턴스화 'std::basic_string<char,std::char_traits<char>,std::allocator<char>>::basic_string<std::_String_const_iterator<std::_String_val<std::_Simple_types<_Elem>>>,0>(_Iter,_Iter,const _Alloc &)'에 대한 참조를 확인하세요.
          with
          [
              _Elem=wchar_t,
              _Iter=std::_String_const_iterator<std::_String_val<std::_Simple_types<wchar_t>>>,
              _Alloc=std::allocator<char>
          ]
=======
>>>>>>> yjs
  Frustum.cpp
  func.cpp
  GameObject.cpp
  GridScript.cpp
<<<<<<< HEAD
  컴파일하고 있습니다...
  KeyMgr.cpp
=======
  KeyMgr.cpp
  컴파일하고 있습니다...
>>>>>>> yjs
  Layer.cpp
  Light2D.cpp
  Light3D.cpp
  Material.cpp
  Mesh.cpp
  MeshData.cpp
<<<<<<< HEAD
C:\Users\SuperHong\source\repos\GitHub\Graduation_Project\Graduation_Project\zombie\01. Project\Engine\MeshData.cpp(46,31): warning C4267: '인수': 'size_t'에서 'UINT'(으)로 변환하면서 데이터가 손실될 수 있습니다.
  MeshRender.cpp
  MonsterScript.cpp
C:\Users\SuperHong\source\repos\GitHub\Graduation_Project\Graduation_Project\zombie\01. Project\Engine\MonsterScript.cpp(36,27): warning C4244: '초기화 중': 'double'에서 'float'(으)로 변환하면서 데이터가 손실될 수 있습니다.
  MRT.cpp
C:\Users\SuperHong\source\repos\GitHub\Graduation_Project\Graduation_Project\zombie\01. Project\Engine\MRT.cpp(51,20): warning C4018: '<': signed 또는 unsigned가 일치하지 않습니다.
=======
  MeshRender.cpp
  MonsterScript.cpp
  MRT.cpp
>>>>>>> yjs
  ParticleSystem.cpp
  PathMgr.cpp
  PlayerScript.cpp
  RenderMgr.cpp
  RenderMgrInit.cpp
  ResMgr.cpp
  ResMgrInit.cpp
  Resource.cpp
  Scene.cpp
  SceneMgr.cpp
<<<<<<< HEAD
C:\Users\SuperHong\source\repos\GitHub\Graduation_Project\Graduation_Project\zombie\01. Project\Engine\ToolCamScript.h(12,22): warning C4305: '초기화 중': 'double'에서 'float'(으)로 잘립니다.
  컴파일하고 있습니다...
  Script.cpp
  Shader.cpp
  SimpleMath.cpp
  Sound.cpp
C:\Program Files (x86)\Microsoft Visual Studio\2019\Community\VC\Tools\MSVC\14.28.29333\include\xstring(2468,23): warning C4244: '인수': 'const wchar_t'에서 'const _Elem'(으)로 변환하면서 데이터가 손실될 수 있습니다.
          with
          [
              _Elem=char
          ]
C:\Program Files (x86)\Microsoft Visual Studio\2019\Community\VC\Tools\MSVC\14.28.29333\include\xstring(2479): message : 컴파일되는 함수 템플릿 인스턴스화 'void std::basic_string<char,std::char_traits<char>,std::allocator<char>>::_Construct<const wchar_t*>(_Iter,const _Iter,std::input_iterator_tag)'에 대한 참조를 확인하세요.
          with
          [
              _Iter=const wchar_t *
          ]
C:\Program Files (x86)\Microsoft Visual Studio\2019\Community\VC\Tools\MSVC\14.28.29333\include\xstring(2479): message : 컴파일되는 함수 템플릿 인스턴스화 'void std::basic_string<char,std::char_traits<char>,std::allocator<char>>::_Construct<const wchar_t*>(_Iter,const _Iter,std::input_iterator_tag)'에 대한 참조를 확인하세요.
          with
          [
              _Iter=const wchar_t *
          ]
C:\Program Files (x86)\Microsoft Visual Studio\2019\Community\VC\Tools\MSVC\14.28.29333\include\xstring(2459): message : 컴파일되는 함수 템플릿 인스턴스화 'void std::basic_string<char,std::char_traits<char>,std::allocator<char>>::_Construct<const wchar_t*>(const _Iter,const _Iter,std::forward_iterator_tag)'에 대한 참조를 확인하세요.
          with
          [
              _Iter=const wchar_t *
          ]
C:\Program Files (x86)\Microsoft Visual Studio\2019\Community\VC\Tools\MSVC\14.28.29333\include\xstring(2459): message : 컴파일되는 함수 템플릿 인스턴스화 'void std::basic_string<char,std::char_traits<char>,std::allocator<char>>::_Construct<const wchar_t*>(const _Iter,const _Iter,std::forward_iterator_tag)'에 대한 참조를 확인하세요.
          with
          [
              _Iter=const wchar_t *
          ]
C:\Users\SuperHong\source\repos\GitHub\Graduation_Project\Graduation_Project\zombie\01. Project\Engine\Sound.cpp(100): message : 컴파일되는 함수 템플릿 인스턴스화 'std::basic_string<char,std::char_traits<char>,std::allocator<char>>::basic_string<std::_String_const_iterator<std::_String_val<std::_Simple_types<_Elem>>>,0>(_Iter,_Iter,const _Alloc &)'에 대한 참조를 확인하세요.
          with
          [
              _Elem=wchar_t,
              _Iter=std::_String_const_iterator<std::_String_val<std::_Simple_types<wchar_t>>>,
              _Alloc=std::allocator<char>
          ]
C:\Users\SuperHong\source\repos\GitHub\Graduation_Project\Graduation_Project\zombie\01. Project\Engine\Sound.cpp(100): message : 컴파일되는 함수 템플릿 인스턴스화 'std::basic_string<char,std::char_traits<char>,std::allocator<char>>::basic_string<std::_String_const_iterator<std::_String_val<std::_Simple_types<_Elem>>>,0>(_Iter,_Iter,const _Alloc &)'에 대한 참조를 확인하세요.
          with
          [
              _Elem=wchar_t,
              _Iter=std::_String_const_iterator<std::_String_val<std::_Simple_types<wchar_t>>>,
              _Alloc=std::allocator<char>
          ]
=======
  Script.cpp
  컴파일하고 있습니다...
  Shader.cpp
  SimpleMath.cpp
  Sound.cpp
>>>>>>> yjs
  StructuredBuffer.cpp
  TestScript.cpp
  Texture.cpp
  TimeMgr.cpp
  ToolCamScript.cpp
<<<<<<< HEAD
C:\Users\SuperHong\source\repos\GitHub\Graduation_Project\Graduation_Project\zombie\01. Project\Engine\ToolCamScript.h(12,22): warning C4305: '초기화 중': 'double'에서 'float'(으)로 잘립니다.
C:\Users\SuperHong\source\repos\GitHub\Graduation_Project\Graduation_Project\zombie\01. Project\Engine\ToolCamScript.cpp(96,21): warning C4305: '=': 'double'에서 'float'(으)로 잘립니다.
  Transform.cpp
  Engine.vcxproj -> C:\Users\SuperHong\source\repos\GitHub\Graduation_Project\Graduation_Project\zombie\03. External\Library\Engine\Engine.lib
=======
  Transform.cpp
  Engine.vcxproj -> C:\Users\JeeHun\Desktop\JeeHun\DX12\DX12_2th\10th\DX12_10th_3(Shadow)\03. External\Library\Engine\Engine.lib
>>>>>>> yjs
